/* ESATAN-TMS version 2021, run date 18:01 Wed 3 May 2023 */
BEGIN_MODEL ArausatV5 WORKBENCH_V1
DEFINE_ACCURACY (
	radiative_case = SSO,
	control_method = "FIXED_RAYS",
	ray_total_cutoff = 5.0e-03,
	coupling_min_rays_normal = 10000,
	coupling_min_rays_critical = 100000,
	coupling_min_rays_non_critical = 1000,
	hf_min_rays_normal = 10000,
	hf_min_rays_critical = 100000,
	hf_min_rays_non_critical = 1000,
	seed = 1000,
	extinct = 1.0e-03);

GC = EVAL(SSO.GC);
R_PLANET = EVAL(SSO.ORBIT.PLANET_RADIUS);
R_SUN = EVAL(SSO.ORBIT.SUN_RADIUS);
IF (EVAL(SSO.SUN_DISTANCE_OVERRIDE) == 0.0) THEN
    SUN_PLANET_DIST = EVAL(SSO.ORBIT.SUN_DISTANCE);
ELSE
    SUN_PLANET_DIST = EVAL(SSO.SUN_DISTANCE_OVERRIDE);
END_IF
T_SUN = EVAL(SSO.T_SUN);
SOLAR_DECLINATION = EVAL(SSO.ORBIT.SOLAR_DECLN);

PROP_ENV = SSO.PROP_ENV;

INTEGER radiative_case_error_flag = 0;
CALCULATE (
    radiative_case = SSO,
    calc_types = "VF, REF",
    eclipse_check = FALSE,
    error_code = radiative_case_error_flag);

IF (radiative_case_error_flag == 0) THEN
FOR (orbit_index = 1;
    orbit_index <= SSO.NUM_ORBIT_POSITIONS;
    orbit_index = EVAL(orbit_index + 1))

    CALCULATE (
        radiative_case = SSO,
        calc_types = "SDF, PDF, ALBEDO_PDF, SAF, PAF, ALBEDO_PAF",
        pos_index = orbit_index,
        eclipse_check = TRUE,
        error_code = radiative_case_error_flag);

END_FOR
END_IF

DELETE radiative_case_error_flag;

DEFINE_RADIATIVE_CASE(
    radiative_case = SSO,
    title = "",
    description = "",
    geometry = "Whole Model",
    environment = TRUE,
    mission_type = "ORBITAL",
    init_time = 0.0,
    prop_env = ""
)
   /* Warning: current function is orb_inv_point_mat */
   /* Unable to orient secondary pointing vector exactly.
  Angle of pointing vector to direction is 3.83736142066802, at anomaly 0.
      Error number: 702*/

   /* Warning: current function is orb_inv_point_mat */
   /* Unable to orient secondary pointing vector exactly.
  Angle of pointing vector to direction is 3.83736142066802, at anomaly 30.
      Error number: 702*/

   /* Warning: current function is orb_inv_point_mat */
   /* Unable to orient secondary pointing vector exactly.
  Angle of pointing vector to direction is 3.83736142066802, at anomaly 60.
      Error number: 702*/

   /* Warning: current function is orb_inv_point_mat */
   /* Unable to orient secondary pointing vector exactly.
  Angle of pointing vector to direction is 3.83736142066802, at anomaly 90.
      Error number: 702*/

   /* Warning: current function is orb_inv_point_mat */
   /* Unable to orient secondary pointing vector exactly.
  Angle of pointing vector to direction is 3.83736142066802, at anomaly 120.
      Error number: 702*/

   /* Warning: current function is orb_inv_point_mat */
   /* Unable to orient secondary pointing vector exactly.
  Angle of pointing vector to direction is 3.83736142066802, at anomaly 131.709423828125.
      Error number: 702*/

   /* Warning: current function is orb_inv_point_mat */
   /* Unable to orient secondary pointing vector exactly.
  Angle of pointing vector to direction is 3.83736142066802, at anomaly 132.209423828125.
      Error number: 702*/

   /* Warning: current function is orb_inv_point_mat */
   /* Unable to orient secondary pointing vector exactly.
  Angle of pointing vector to direction is 3.83736142066802, at anomaly 150.
      Error number: 702*/

   /* Warning: current function is orb_inv_point_mat */
   /* Unable to orient secondary pointing vector exactly.
  Angle of pointing vector to direction is 3.83736142066802, at anomaly 180.
      Error number: 702*/

   /* Warning: current function is orb_inv_point_mat */
   /* Unable to orient secondary pointing vector exactly.
  Angle of pointing vector to direction is 3.83736142066802, at anomaly 210.
      Error number: 702*/

   /* Warning: current function is orb_inv_point_mat */
   /* Unable to orient secondary pointing vector exactly.
  Angle of pointing vector to direction is 3.83736142066802, at anomaly 240.
      Error number: 702*/

   /* Warning: current function is orb_inv_point_mat */
   /* Unable to orient secondary pointing vector exactly.
  Angle of pointing vector to direction is 3.83736142066802, at anomaly 257.9418945312493.
      Error number: 702*/

   /* Warning: current function is orb_inv_point_mat */
   /* Unable to orient secondary pointing vector exactly.
  Angle of pointing vector to direction is 3.83736142066802, at anomaly 258.4418945312493.
      Error number: 702*/

   /* Warning: current function is orb_inv_point_mat */
   /* Unable to orient secondary pointing vector exactly.
  Angle of pointing vector to direction is 3.83736142066802, at anomaly 270.
      Error number: 702*/

   /* Warning: current function is orb_inv_point_mat */
   /* Unable to orient secondary pointing vector exactly.
  Angle of pointing vector to direction is 3.83736142066802, at anomaly 300.
      Error number: 702*/

   /* Warning: current function is orb_inv_point_mat */
   /* Unable to orient secondary pointing vector exactly.
  Angle of pointing vector to direction is 3.83736142066802, at anomaly 330.
      Error number: 702*/

   /* Warning: current function is orb_inv_point_mat */
   /* Unable to orient secondary pointing vector exactly.
  Angle of pointing vector to direction is 3.83736142066802, at anomaly 360.
      Error number: 702*/
;

DEFINE_MISSION(
    radiative_case = SSO,
    orbit_centre = "PLANET",
    planet_radius = 6371000.0,
    sun_radius = 6.958e+08,
    sun_distance = 1.5077715e+11,
    solar_decln = 15.421,
    sun_alpha = 39.486,
    orbital_precession = 0.0,
    gc = 9.798,
    celestial_body_image = "Earth",
    omega = 37.5,
    incln = 97.3,
    alpha = 0.0,
    alt_p = 600000.0,
    alt_a = 600000.0,
    init_anomaly = 0.0,
    final_anomaly = 360.0,
    position_method = "ANGLE",
    angle_gap = 30.0,
    eclipse_points = TRUE,
    eclipse_offset = 0.5,
    orientation = "POINTING",
    primary_vector = [-1.0, 0.0, 0.0],
    primary_direction = "TRUE_SUN",
    second_vector = [0.0, 1.0, 0.0],
    second_direction = "NORMAL_TO_ORBIT",
    primary_gen_vector = [1.0, 0.0, 0.0],
    second_gen_vector = [0.0, -1.0, 0.0],
    init_phi = 0.0,
    init_psi = 0.0,
    init_omega = 0.0,
    phi_rot_rate = 0.0,
    psi_rot_rate = 0.0,
    omega_rot_rate = 0.0,
    euler_order = "phi, psi, omega",
    spinning_craft = FALSE,
    rotation_rate = 0.0,
    sun_temperature = 5778.0,
    planet_temperature_method = "UNIFORM",
    planet_temperature = 254.3,
    planet_albedo_method = "UNIFORM",
    albedo_reflect_coeff = 0.306,
    planet_infra_red_emissivity = 1.0,
    solar_const_override = 0.0,
    sun_size_finite = FALSE,
    sun_distance_override = 0.0,
    day_period = 86400.0
)
   /* Warning: current function is orb_inv_point_mat */
   /* Unable to orient secondary pointing vector exactly.
  Angle of pointing vector to direction is 3.83736142066802, at anomaly 0.
      Error number: 702*/

   /* Warning: current function is orb_inv_point_mat */
   /* Unable to orient secondary pointing vector exactly.
  Angle of pointing vector to direction is 3.83736142066802, at anomaly 30.
      Error number: 702*/

   /* Warning: current function is orb_inv_point_mat */
   /* Unable to orient secondary pointing vector exactly.
  Angle of pointing vector to direction is 3.83736142066802, at anomaly 60.
      Error number: 702*/

   /* Warning: current function is orb_inv_point_mat */
   /* Unable to orient secondary pointing vector exactly.
  Angle of pointing vector to direction is 3.83736142066802, at anomaly 90.
      Error number: 702*/

   /* Warning: current function is orb_inv_point_mat */
   /* Unable to orient secondary pointing vector exactly.
  Angle of pointing vector to direction is 3.83736142066802, at anomaly 120.
      Error number: 702*/

   /* Warning: current function is orb_inv_point_mat */
   /* Unable to orient secondary pointing vector exactly.
  Angle of pointing vector to direction is 3.83736142066802, at anomaly 128.826611328125.
      Error number: 702*/

   /* Warning: current function is orb_inv_point_mat */
   /* Unable to orient secondary pointing vector exactly.
  Angle of pointing vector to direction is 3.83736142066802, at anomaly 129.326611328125.
      Error number: 702*/

   /* Warning: current function is orb_inv_point_mat */
   /* Unable to orient secondary pointing vector exactly.
  Angle of pointing vector to direction is 3.83736142066802, at anomaly 150.
      Error number: 702*/

   /* Warning: current function is orb_inv_point_mat */
   /* Unable to orient secondary pointing vector exactly.
  Angle of pointing vector to direction is 3.83736142066802, at anomaly 180.
      Error number: 702*/

   /* Warning: current function is orb_inv_point_mat */
   /* Unable to orient secondary pointing vector exactly.
  Angle of pointing vector to direction is 3.83736142066802, at anomaly 210.
      Error number: 702*/

   /* Warning: current function is orb_inv_point_mat */
   /* Unable to orient secondary pointing vector exactly.
  Angle of pointing vector to direction is 3.83736142066802, at anomaly 240.
      Error number: 702*/

   /* Warning: current function is orb_inv_point_mat */
   /* Unable to orient secondary pointing vector exactly.
  Angle of pointing vector to direction is 3.83736142066802, at anomaly 260.8247070312493.
      Error number: 702*/

   /* Warning: current function is orb_inv_point_mat */
   /* Unable to orient secondary pointing vector exactly.
  Angle of pointing vector to direction is 3.83736142066802, at anomaly 261.3247070312493.
      Error number: 702*/

   /* Warning: current function is orb_inv_point_mat */
   /* Unable to orient secondary pointing vector exactly.
  Angle of pointing vector to direction is 3.83736142066802, at anomaly 270.
      Error number: 702*/

   /* Warning: current function is orb_inv_point_mat */
   /* Unable to orient secondary pointing vector exactly.
  Angle of pointing vector to direction is 3.83736142066802, at anomaly 300.
      Error number: 702*/

   /* Warning: current function is orb_inv_point_mat */
   /* Unable to orient secondary pointing vector exactly.
  Angle of pointing vector to direction is 3.83736142066802, at anomaly 330.
      Error number: 702*/

   /* Warning: current function is orb_inv_point_mat */
   /* Unable to orient secondary pointing vector exactly.
  Angle of pointing vector to direction is 3.83736142066802, at anomaly 360.
      Error number: 702*/
;


DEFINE_ACCURACY (
	radiative_case = SSO,
	control_method = "FIXED_RAYS",
	ray_total_cutoff = 5.0e-03,
	coupling_min_rays_normal = 10000,
	coupling_min_rays_critical = 100000,
	coupling_min_rays_non_critical = 1000,
	hf_min_rays_normal = 10000,
	hf_min_rays_critical = 100000,
	hf_min_rays_non_critical = 1000,
	seed = 1000,
	extinct = 1.0e-03);

GC = EVAL(SSO.GC);
R_PLANET = EVAL(SSO.ORBIT.PLANET_RADIUS);
R_SUN = EVAL(SSO.ORBIT.SUN_RADIUS);
IF (EVAL(SSO.SUN_DISTANCE_OVERRIDE) == 0.0) THEN
    SUN_PLANET_DIST = EVAL(SSO.ORBIT.SUN_DISTANCE);
ELSE
    SUN_PLANET_DIST = EVAL(SSO.SUN_DISTANCE_OVERRIDE);
END_IF
T_SUN = EVAL(SSO.T_SUN);
SOLAR_DECLINATION = EVAL(SSO.ORBIT.SOLAR_DECLN);

PROP_ENV = SSO.PROP_ENV;

INTEGER radiative_case_error_flag = 0;
CALCULATE (
    radiative_case = SSO,
    calc_types = "VF, REF",
    eclipse_check = FALSE,
    error_code = radiative_case_error_flag);

IF (radiative_case_error_flag == 0) THEN
FOR (orbit_index = 1;
    orbit_index <= SSO.NUM_ORBIT_POSITIONS;
    orbit_index = EVAL(orbit_index + 1))

    CALCULATE (
        radiative_case = SSO,
        calc_types = "SDF, PDF, ALBEDO_PDF, SAF, PAF, ALBEDO_PAF",
        pos_index = orbit_index,
        eclipse_check = TRUE,
        error_code = radiative_case_error_flag);

END_FOR
END_IF

DELETE radiative_case_error_flag;

RUN_ANALYSIS (
    analysis_case = THERMAL2);
