This is pdfTeX, Version 3.141592653-2.6-1.40.25 (TeX Live 2023) (preloaded format=pdflatex 2023.5.10)  18 MAY 2023 13:05
entering extended mode
 restricted \write18 enabled.
 file:line:error style messages enabled.
 %&-line parsing enabled.
**d:/Universidad/Apuntes/MUSE_1/EUE/Practica_21/Informe_P2/Informe
(d:/Universidad/Apuntes/MUSE_1/EUE/Practica_21/Informe_P2/Informe.tex
LaTeX2e <2022-11-01> patch level 1
L3 programming layer <2023-05-05> (c:/texlive/2023/texmf-dist/tex/latex/base/article.cls
Document Class: article 2022/07/02 v1.4n Standard LaTeX document class
(c:/texlive/2023/texmf-dist/tex/latex/base/size10.clo
File: size10.clo 2022/07/02 v1.4n Standard LaTeX file (size option)
)
\c@part=\count185
\c@section=\count186
\c@subsection=\count187
\c@subsubsection=\count188
\c@paragraph=\count189
\c@subparagraph=\count190
\c@figure=\count191
\c@table=\count192
\abovecaptionskip=\skip48
\belowcaptionskip=\skip49
\bibindent=\dimen140
) (c:/texlive/2023/texmf-dist/tex/latex/base/inputenc.sty
Package: inputenc 2021/02/14 v1.3d Input encoding file
\inpenc@prehook=\toks16
\inpenc@posthook=\toks17
) (c:/texlive/2023/texmf-dist/tex/latex/amsmath/amsmath.sty
Package: amsmath 2022/04/08 v2.17n AMS math features
\@mathmargin=\skip50

For additional information on amsmath, use the `?' option.
(c:/texlive/2023/texmf-dist/tex/latex/amsmath/amstext.sty
Package: amstext 2021/08/26 v2.01 AMS text
 (c:/texlive/2023/texmf-dist/tex/latex/amsmath/amsgen.sty
File: amsgen.sty 1999/11/30 v2.0 generic functions
\@emptytoks=\toks18
\ex@=\dimen141
)) (c:/texlive/2023/texmf-dist/tex/latex/amsmath/amsbsy.sty
Package: amsbsy 1999/11/29 v1.2d Bold Symbols
\pmbraise@=\dimen142
) (c:/texlive/2023/texmf-dist/tex/latex/amsmath/amsopn.sty
Package: amsopn 2022/04/08 v2.04 operator names
)
\inf@bad=\count193
LaTeX Info: Redefining \frac on input line 234.
\uproot@=\count194
\leftroot@=\count195
LaTeX Info: Redefining \overline on input line 399.
LaTeX Info: Redefining \colon on input line 410.
\classnum@=\count196
\DOTSCASE@=\count197
LaTeX Info: Redefining \ldots on input line 496.
LaTeX Info: Redefining \dots on input line 499.
LaTeX Info: Redefining \cdots on input line 620.
\Mathstrutbox@=\box51
\strutbox@=\box52
LaTeX Info: Redefining \big on input line 722.
LaTeX Info: Redefining \Big on input line 723.
LaTeX Info: Redefining \bigg on input line 724.
LaTeX Info: Redefining \Bigg on input line 725.
\big@size=\dimen143
LaTeX Font Info:    Redeclaring font encoding OML on input line 743.
LaTeX Font Info:    Redeclaring font encoding OMS on input line 744.
\macc@depth=\count198
LaTeX Info: Redefining \bmod on input line 905.
LaTeX Info: Redefining \pmod on input line 910.
LaTeX Info: Redefining \smash on input line 940.
LaTeX Info: Redefining \relbar on input line 970.
LaTeX Info: Redefining \Relbar on input line 971.
\c@MaxMatrixCols=\count199
\dotsspace@=\muskip16
\c@parentequation=\count266
\dspbrk@lvl=\count267
\tag@help=\toks19
\row@=\count268
\column@=\count269
\maxfields@=\count270
\andhelp@=\toks20
\eqnshift@=\dimen144
\alignsep@=\dimen145
\tagshift@=\dimen146
\tagwidth@=\dimen147
\totwidth@=\dimen148
\lineht@=\dimen149
\@envbody=\toks21
\multlinegap=\skip51
\multlinetaggap=\skip52
\mathdisplay@stack=\toks22
LaTeX Info: Redefining \[ on input line 2953.
LaTeX Info: Redefining \] on input line 2954.
) (c:/texlive/2023/texmf-dist/tex/latex/graphics/graphicx.sty
Package: graphicx 2021/09/16 v1.2d Enhanced LaTeX Graphics (DPC,SPQR)
 (c:/texlive/2023/texmf-dist/tex/latex/graphics/keyval.sty
Package: keyval 2022/05/29 v1.15 key=value parser (DPC)
\KV@toks@=\toks23
) (c:/texlive/2023/texmf-dist/tex/latex/graphics/graphics.sty
Package: graphics 2022/03/10 v1.4e Standard LaTeX Graphics (DPC,SPQR)
 (c:/texlive/2023/texmf-dist/tex/latex/graphics/trig.sty
Package: trig 2021/08/11 v1.11 sin cos tan (DPC)
) (c:/texlive/2023/texmf-dist/tex/latex/graphics-cfg/graphics.cfg
File: graphics.cfg 2016/06/04 v1.11 sample graphics configuration
)
Package graphics Info: Driver file: pdftex.def on input line 107.
 (c:/texlive/2023/texmf-dist/tex/latex/graphics-def/pdftex.def
File: pdftex.def 2022/09/22 v1.2b Graphics/color driver for pdftex
))
\Gin@req@height=\dimen150
\Gin@req@width=\dimen151
) (c:/texlive/2023/texmf-dist/tex/latex/float/float.sty
Package: float 2001/11/08 v1.3d Float enhancements (AL)
\c@float@type=\count271
\float@exts=\toks24
\float@box=\box53
\@float@everytoks=\toks25
\@floatcapt=\box54
) (c:/texlive/2023/texmf-dist/tex/latex/caption/subcaption.sty
Package: subcaption 2023/02/19 v1.6 Sub-captions (AR)
 (c:/texlive/2023/texmf-dist/tex/latex/caption/caption.sty
Package: caption 2023/03/12 v3.6j Customizing captions (AR)
 (c:/texlive/2023/texmf-dist/tex/latex/caption/caption3.sty
Package: caption3 2023/03/12 v2.4 caption3 kernel (AR)
\caption@tempdima=\dimen152
\captionmargin=\dimen153
\caption@leftmargin=\dimen154
\caption@rightmargin=\dimen155
\caption@width=\dimen156
\caption@indent=\dimen157
\caption@parindent=\dimen158
\caption@hangindent=\dimen159
Package caption Info: Standard document class detected.
)
\c@caption@flags=\count272
\c@continuedfloat=\count273
Package caption Info: float package is loaded.
)
Package caption Info: New subtype `subfigure' on input line 239.
\c@subfigure=\count274
Package caption Info: New subtype `subtable' on input line 239.
\c@subtable=\count275
) (c:/texlive/2023/texmf-dist/tex/latex/biblatex/biblatex.sty
Package: biblatex 2023/03/05 v3.19 programmable bibliographies (PK/MW)
 (c:/texlive/2023/texmf-dist/tex/generic/pdftexcmds/pdftexcmds.sty
Package: pdftexcmds 2020-06-27 v0.33 Utility functions of pdfTeX for LuaTeX (HO)
 (c:/texlive/2023/texmf-dist/tex/generic/infwarerr/infwarerr.sty
Package: infwarerr 2019/12/03 v1.5 Providing info/warning/error messages (HO)
) (c:/texlive/2023/texmf-dist/tex/generic/iftex/iftex.sty
Package: iftex 2022/02/03 v1.0f TeX engine tests
) (c:/texlive/2023/texmf-dist/tex/generic/ltxcmds/ltxcmds.sty
Package: ltxcmds 2020-05-10 v1.25 LaTeX kernel commands for general use (HO)
)
Package pdftexcmds Info: \pdf@primitive is available.
Package pdftexcmds Info: \pdf@ifprimitive is available.
Package pdftexcmds Info: \pdfdraftmode found.
) (c:/texlive/2023/texmf-dist/tex/latex/etoolbox/etoolbox.sty
Package: etoolbox 2020/10/05 v2.5k e-TeX tools for LaTeX (JAW)
\etb@tempcnta=\count276
) (c:/texlive/2023/texmf-dist/tex/latex/kvoptions/kvoptions.sty
Package: kvoptions 2022-06-15 v3.15 Key value format for package options (HO)
 (c:/texlive/2023/texmf-dist/tex/latex/kvsetkeys/kvsetkeys.sty
Package: kvsetkeys 2022-10-05 v1.19 Key value parser (HO)
)) (c:/texlive/2023/texmf-dist/tex/latex/logreq/logreq.sty
Package: logreq 2010/08/04 v1.0 xml request logger
\lrq@indent=\count277
 (c:/texlive/2023/texmf-dist/tex/latex/logreq/logreq.def
File: logreq.def 2010/08/04 v1.0 logreq spec v1.0
)) (c:/texlive/2023/texmf-dist/tex/latex/base/ifthen.sty
Package: ifthen 2022/04/13 v1.1d Standard LaTeX ifthen package (DPC)
) (c:/texlive/2023/texmf-dist/tex/latex/url/url.sty
\Urlmuskip=\muskip17
Package: url 2013/09/16  ver 3.4  Verb mode for urls, etc.
)
\c@tabx@nest=\count278
\c@listtotal=\count279
\c@listcount=\count280
\c@liststart=\count281
\c@liststop=\count282
\c@citecount=\count283
\c@citetotal=\count284
\c@multicitecount=\count285
\c@multicitetotal=\count286
\c@instcount=\count287
\c@maxnames=\count288
\c@minnames=\count289
\c@maxitems=\count290
\c@minitems=\count291
\c@citecounter=\count292
\c@maxcitecounter=\count293
\c@savedcitecounter=\count294
\c@uniquelist=\count295
\c@uniquename=\count296
\c@refsection=\count297
\c@refsegment=\count298
\c@maxextratitle=\count299
\c@maxextratitleyear=\count300
\c@maxextraname=\count301
\c@maxextradate=\count302
\c@maxextraalpha=\count303
\c@abbrvpenalty=\count304
\c@highnamepenalty=\count305
\c@lownamepenalty=\count306
\c@maxparens=\count307
\c@parenlevel=\count308
\blx@tempcnta=\count309
\blx@tempcntb=\count310
\blx@tempcntc=\count311
\c@blx@maxsection=\count312
\blx@maxsegment@0=\count313
\blx@notetype=\count314
\blx@parenlevel@text=\count315
\blx@parenlevel@foot=\count316
\blx@sectionciteorder@0=\count317
\blx@sectionciteorderinternal@0=\count318
\blx@entrysetcounter=\count319
\blx@biblioinstance=\count320
\labelnumberwidth=\skip53
\labelalphawidth=\skip54
\biblabelsep=\skip55
\bibitemsep=\skip56
\bibnamesep=\skip57
\bibinitsep=\skip58
\bibparsep=\skip59
\bibhang=\skip60
\blx@bcfin=\read2
\blx@bcfout=\write3
\blx@langwohyphens=\language87
\c@mincomprange=\count321
\c@maxcomprange=\count322
\c@mincompwidth=\count323
Package biblatex Info: Trying to load biblatex default data model...
Package biblatex Info: ... file 'blx-dm.def' found.
 (c:/texlive/2023/texmf-dist/tex/latex/biblatex/blx-dm.def
File: blx-dm.def 2023/03/05 v3.19 biblatex localization (PK/MW)
)
Package biblatex Info: Trying to load biblatex style data model...
Package biblatex Info: ... file 'ieee.dbx' not found.
Package biblatex Info: Trying to load biblatex custom data model...
Package biblatex Info: ... file 'biblatex-dm.cfg' not found.
\c@afterword=\count324
\c@savedafterword=\count325
\c@annotator=\count326
\c@savedannotator=\count327
\c@author=\count328
\c@savedauthor=\count329
\c@bookauthor=\count330
\c@savedbookauthor=\count331
\c@commentator=\count332
\c@savedcommentator=\count333
\c@editor=\count334
\c@savededitor=\count335
\c@editora=\count336
\c@savededitora=\count337
\c@editorb=\count338
\c@savededitorb=\count339
\c@editorc=\count340
\c@savededitorc=\count341
\c@foreword=\count342
\c@savedforeword=\count343
\c@holder=\count344
\c@savedholder=\count345
\c@introduction=\count346
\c@savedintroduction=\count347
\c@namea=\count348
\c@savednamea=\count349
\c@nameb=\count350
\c@savednameb=\count351
\c@namec=\count352
\c@savednamec=\count353
\c@translator=\count354
\c@savedtranslator=\count355
\c@shortauthor=\count356
\c@savedshortauthor=\count357
\c@shorteditor=\count358
\c@savedshorteditor=\count359
\c@labelname=\count360
\c@savedlabelname=\count361
\c@institution=\count362
\c@savedinstitution=\count363
\c@lista=\count364
\c@savedlista=\count365
\c@listb=\count366
\c@savedlistb=\count367
\c@listc=\count368
\c@savedlistc=\count369
\c@listd=\count370
\c@savedlistd=\count371
\c@liste=\count372
\c@savedliste=\count373
\c@listf=\count374
\c@savedlistf=\count375
\c@location=\count376
\c@savedlocation=\count377
\c@organization=\count378
\c@savedorganization=\count379
\c@origlocation=\count380
\c@savedoriglocation=\count381
\c@origpublisher=\count382
\c@savedorigpublisher=\count383
\c@publisher=\count384
\c@savedpublisher=\count385
\c@language=\count386
\c@savedlanguage=\count387
\c@origlanguage=\count388
\c@savedoriglanguage=\count389
\c@pageref=\count390
\c@savedpageref=\count391
\shorthandwidth=\skip61
\shortjournalwidth=\skip62
\shortserieswidth=\skip63
\shorttitlewidth=\skip64
\shortauthorwidth=\skip65
\shorteditorwidth=\skip66
\locallabelnumberwidth=\skip67
\locallabelalphawidth=\skip68
\localshorthandwidth=\skip69
\localshortjournalwidth=\skip70
\localshortserieswidth=\skip71
\localshorttitlewidth=\skip72
\localshortauthorwidth=\skip73
\localshorteditorwidth=\skip74
Package biblatex Info: Trying to load compatibility code...
Package biblatex Info: ... file 'blx-compat.def' found.
 (c:/texlive/2023/texmf-dist/tex/latex/biblatex/blx-compat.def
File: blx-compat.def 2023/03/05 v3.19 biblatex compatibility (PK/MW)
)
Package biblatex Info: Trying to load generic definitions...
Package biblatex Info: ... file 'biblatex.def' found.
 (c:/texlive/2023/texmf-dist/tex/latex/biblatex/biblatex.def
File: biblatex.def 2023/03/05 v3.19 biblatex compatibility (PK/MW)
\c@textcitecount=\count392
\c@textcitetotal=\count393
\c@textcitemaxnames=\count394
\c@biburlbigbreakpenalty=\count395
\c@biburlbreakpenalty=\count396
\c@biburlnumpenalty=\count397
\c@biburlucpenalty=\count398
\c@biburllcpenalty=\count399
\biburlbigskip=\muskip18
\biburlnumskip=\muskip19
\biburlucskip=\muskip20
\biburllcskip=\muskip21
\c@smartand=\count400
)
Package biblatex Info: Trying to load bibliography style 'ieee'...
Package biblatex Info: ... file 'ieee.bbx' found.
 (c:/texlive/2023/texmf-dist/tex/latex/biblatex-ieee/ieee.bbx
File: ieee.bbx 2021/12/06 v1.3f biblatex bibliography style
Package biblatex Info: Trying to load bibliography style 'numeric-comp'...
Package biblatex Info: ... file 'numeric-comp.bbx' found.
 (c:/texlive/2023/texmf-dist/tex/latex/biblatex/bbx/numeric-comp.bbx
File: numeric-comp.bbx 2023/03/05 v3.19 biblatex bibliography style (PK/MW)
Package biblatex Info: Trying to load bibliography style 'numeric'...
Package biblatex Info: ... file 'numeric.bbx' found.
 (c:/texlive/2023/texmf-dist/tex/latex/biblatex/bbx/numeric.bbx
File: numeric.bbx 2023/03/05 v3.19 biblatex bibliography style (PK/MW)
Package biblatex Info: Trying to load bibliography style 'standard'...
Package biblatex Info: ... file 'standard.bbx' found.
 (c:/texlive/2023/texmf-dist/tex/latex/biblatex/bbx/standard.bbx
File: standard.bbx 2023/03/05 v3.19 biblatex bibliography style (PK/MW)
\c@bbx:relatedcount=\count401
\c@bbx:relatedtotal=\count402
))))
Package biblatex Info: Trying to load citation style 'numeric-comp'...
Package biblatex Info: ... file 'numeric-comp.cbx' found.
 (c:/texlive/2023/texmf-dist/tex/latex/biblatex/cbx/numeric-comp.cbx
File: numeric-comp.cbx 2023/03/05 v3.19 biblatex citation style (PK/MW)
\c@cbx@tempcnta=\count403
\c@cbx@tempcntb=\count404
\c@cbx@tempcntc=\count405
\c@cbx@tempcntd=\count406
Package biblatex Info: Redefining '\cite'.
Package biblatex Info: Redefining '\parencite'.
Package biblatex Info: Redefining '\footcite'.
Package biblatex Info: Redefining '\footcitetext'.
Package biblatex Info: Redefining '\smartcite'.
Package biblatex Info: Redefining '\supercite'.
Package biblatex Info: Redefining '\textcite'.
Package biblatex Info: Redefining '\textcites'.
Package biblatex Info: Redefining '\cites'.
Package biblatex Info: Redefining '\parencites'.
Package biblatex Info: Redefining '\smartcites'.
)
Package biblatex Info: Trying to load configuration file...
Package biblatex Info: ... file 'biblatex.cfg' found.
 (c:/texlive/2023/texmf-dist/tex/latex/biblatex/biblatex.cfg
File: biblatex.cfg 
)
Package biblatex Info: Input encoding 'utf8' detected.
Package biblatex Info: Document encoding is UTF8 ....
 (c:/texlive/2023/texmf-dist/tex/latex/l3kernel/expl3.sty
Package: expl3 2023-05-05 L3 programming layer (loader) 
 (c:/texlive/2023/texmf-dist/tex/latex/l3backend/l3backend-pdftex.def
File: l3backend-pdftex.def 2023-04-19 L3 backend support: PDF output (pdfTeX)
\l__color_backend_stack_int=\count407
\l__pdf_internal_box=\box55
))
Package biblatex Info: ... and expl3
(biblatex)             2023-05-05 L3 programming layer (loader) 
(biblatex)             is new enough (at least 2020/04/06),
(biblatex)             setting 'casechanger=expl3'.
 (c:/texlive/2023/texmf-dist/tex/latex/biblatex/blx-case-expl3.sty (c:/texlive/2023/texmf-dist/tex/latex/l3packages/xparse/xparse.sty
Package: xparse 2023-02-02 L3 Experimental document command parser
)
Package: blx-case-expl3 2023/03/05 v3.19 expl3 case changing code for biblatex
)) (c:/texlive/2023/texmf-dist/tex/latex/tools/indentfirst.sty
Package: indentfirst 1995/11/23 v1.03 Indent first paragraph (DPC)
) (c:/texlive/2023/texmf-dist/tex/latex/chngcntr/chngcntr.sty
Package: chngcntr 2018/04/09 v1.1a change counter resetting
Package chngcntr Info: \counterwithout already defined.
(chngcntr)             Quitting chngcntr on input line 21.
) (c:/texlive/2023/texmf-dist/tex/latex/geometry/geometry.sty
Package: geometry 2020/01/02 v5.9 Page Geometry
 (c:/texlive/2023/texmf-dist/tex/generic/iftex/ifvtex.sty
Package: ifvtex 2019/10/25 v1.7 ifvtex legacy package. Use iftex instead.
)
\Gm@cnth=\count408
\Gm@cntv=\count409
\c@Gm@tempcnt=\count410
\Gm@bindingoffset=\dimen160
\Gm@wd@mp=\dimen161
\Gm@odd@mp=\dimen162
\Gm@even@mp=\dimen163
\Gm@layoutwidth=\dimen164
\Gm@layoutheight=\dimen165
\Gm@layouthoffset=\dimen166
\Gm@layoutvoffset=\dimen167
\Gm@dimlist=\toks26
) (c:/texlive/2023/texmf-dist/tex/latex/fancyhdr/fancyhdr.sty
Package: fancyhdr 2022/11/09 v4.1 Extensive control of page headers and footers
\f@nch@headwidth=\skip75
\f@nch@O@elh=\skip76
\f@nch@O@erh=\skip77
\f@nch@O@olh=\skip78
\f@nch@O@orh=\skip79
\f@nch@O@elf=\skip80
\f@nch@O@erf=\skip81
\f@nch@O@olf=\skip82
\f@nch@O@orf=\skip83
) (c:/texlive/2023/texmf-dist/tex/latex/hyperref/hyperref.sty
Package: hyperref 2023-04-22 v7.00x Hypertext links for LaTeX
 (c:/texlive/2023/texmf-dist/tex/generic/kvdefinekeys/kvdefinekeys.sty
Package: kvdefinekeys 2019-12-19 v1.6 Define keys (HO)
) (c:/texlive/2023/texmf-dist/tex/generic/pdfescape/pdfescape.sty
Package: pdfescape 2019/12/09 v1.15 Implements pdfTeX's escape features (HO)
) (c:/texlive/2023/texmf-dist/tex/latex/hycolor/hycolor.sty
Package: hycolor 2020-01-27 v1.10 Color options for hyperref/bookmark (HO)
) (c:/texlive/2023/texmf-dist/tex/latex/letltxmacro/letltxmacro.sty
Package: letltxmacro 2019/12/03 v1.6 Let assignment for LaTeX macros (HO)
) (c:/texlive/2023/texmf-dist/tex/latex/auxhook/auxhook.sty
Package: auxhook 2019-12-17 v1.6 Hooks for auxiliary files (HO)
) (c:/texlive/2023/texmf-dist/tex/latex/hyperref/nameref.sty
Package: nameref 2022-05-17 v2.50 Cross-referencing by name of section
 (c:/texlive/2023/texmf-dist/tex/latex/refcount/refcount.sty
Package: refcount 2019/12/15 v3.6 Data extraction from label references (HO)
) (c:/texlive/2023/texmf-dist/tex/generic/gettitlestring/gettitlestring.sty
Package: gettitlestring 2019/12/15 v1.6 Cleanup title references (HO)
)
\c@section@level=\count411
)
\@linkdim=\dimen168
\Hy@linkcounter=\count412
\Hy@pagecounter=\count413
 (c:/texlive/2023/texmf-dist/tex/latex/hyperref/pd1enc.def
File: pd1enc.def 2023-04-22 v7.00x Hyperref: PDFDocEncoding definition (HO)
Now handling font encoding PD1 ...
... no UTF-8 mapping file for font encoding PD1
) (c:/texlive/2023/texmf-dist/tex/generic/intcalc/intcalc.sty
Package: intcalc 2019/12/15 v1.3 Expandable calculations with integers (HO)
)
\Hy@SavedSpaceFactor=\count414
 (c:/texlive/2023/texmf-dist/tex/latex/hyperref/puenc.def
File: puenc.def 2023-04-22 v7.00x Hyperref: PDF Unicode definition (HO)
Now handling font encoding PU ...
... no UTF-8 mapping file for font encoding PU
)
Package hyperref Info: Hyper figures OFF on input line 4182.
Package hyperref Info: Link nesting OFF on input line 4187.
Package hyperref Info: Hyper index ON on input line 4190.
Package hyperref Info: Plain pages OFF on input line 4197.
Package hyperref Info: Backreferencing OFF on input line 4202.
Package hyperref Info: Implicit mode ON; LaTeX internals redefined.
Package hyperref Info: Bookmarks ON on input line 4449.
\c@Hy@tempcnt=\count415
LaTeX Info: Redefining \url on input line 4787.
\XeTeXLinkMargin=\dimen169
 (c:/texlive/2023/texmf-dist/tex/generic/bitset/bitset.sty
Package: bitset 2019/12/09 v1.3 Handle bit-vector datatype (HO)
 (c:/texlive/2023/texmf-dist/tex/generic/bigintcalc/bigintcalc.sty
Package: bigintcalc 2019/12/15 v1.5 Expandable calculations on big integers (HO)
))
\Fld@menulength=\count416
\Field@Width=\dimen170
\Fld@charsize=\dimen171
Package hyperref Info: Hyper figures OFF on input line 6066.
Package hyperref Info: Link nesting OFF on input line 6071.
Package hyperref Info: Hyper index ON on input line 6074.
Package hyperref Info: backreferencing OFF on input line 6081.
Package hyperref Info: Link coloring OFF on input line 6086.
Package hyperref Info: Link coloring with OCG OFF on input line 6091.
Package hyperref Info: PDF/A mode OFF on input line 6096.
 (c:/texlive/2023/texmf-dist/tex/latex/base/atbegshi-ltx.sty
Package: atbegshi-ltx 2021/01/10 v1.0c Emulation of the original atbegshi
package with kernel methods
)
\Hy@abspage=\count417
\c@Item=\count418
\c@Hfootnote=\count419
)
Package hyperref Info: Driver (autodetected): hpdftex.
 (c:/texlive/2023/texmf-dist/tex/latex/hyperref/hpdftex.def
File: hpdftex.def 2023-04-22 v7.00x Hyperref driver for pdfTeX
 (c:/texlive/2023/texmf-dist/tex/latex/base/atveryend-ltx.sty
Package: atveryend-ltx 2020/08/19 v1.0a Emulation of the original atveryend package
with kernel methods
)
\Fld@listcount=\count420
\c@bookmark@seq@number=\count421
 (c:/texlive/2023/texmf-dist/tex/latex/rerunfilecheck/rerunfilecheck.sty
Package: rerunfilecheck 2022-07-10 v1.10 Rerun checks for auxiliary files (HO)
 (c:/texlive/2023/texmf-dist/tex/generic/uniquecounter/uniquecounter.sty
Package: uniquecounter 2019/12/15 v1.4 Provide unlimited unique counter (HO)
)
Package uniquecounter Info: New unique counter `rerunfilecheck' on input line 285.
)
\Hy@SectionHShift=\skip84
) (c:/texlive/2023/texmf-dist/tex/latex/jknapltx/mathrsfs.sty
Package: mathrsfs 1996/01/01 Math RSFS package v1.0 (jk)
\symrsfs=\mathgroup4
) (c:/texlive/2023/texmf-dist/tex/latex/appendix/appendix.sty
Package: appendix 2020/02/08 v1.2c extra appendix facilities
\c@@pps=\count422
\c@@ppsavesec=\count423
\c@@ppsaveapp=\count424
) (c:/texlive/2023/texmf-dist/tex/latex/multirow/multirow.sty
Package: multirow 2021/03/15 v2.8 Span multiple rows of a table
\multirow@colwidth=\skip85
\multirow@cntb=\count425
\multirow@dima=\skip86
\bigstrutjot=\dimen172
) (c:/texlive/2023/texmf-dist/tex/latex/tools/longtable.sty
Package: longtable 2021-09-01 v4.17 Multi-page Table package (DPC)
\LTleft=\skip87
\LTright=\skip88
\LTpre=\skip89
\LTpost=\skip90
\LTchunksize=\count426
\LTcapwidth=\dimen173
\LT@head=\box56
\LT@firsthead=\box57
\LT@foot=\box58
\LT@lastfoot=\box59
\LT@gbox=\box60
\LT@cols=\count427
\LT@rows=\count428
\c@LT@tables=\count429
\c@LT@chunks=\count430
\LT@p@ftn=\toks27
) (c:/texlive/2023/texmf-dist/tex/latex/booktabs/booktabs.sty
Package: booktabs 2020/01/12 v1.61803398 Publication quality tables
\heavyrulewidth=\dimen174
\lightrulewidth=\dimen175
\cmidrulewidth=\dimen176
\belowrulesep=\dimen177
\belowbottomsep=\dimen178
\aboverulesep=\dimen179
\abovetopsep=\dimen180
\cmidrulesep=\dimen181
\cmidrulekern=\dimen182
\defaultaddspace=\dimen183
\@cmidla=\count431
\@cmidlb=\count432
\@aboverulesep=\dimen184
\@belowrulesep=\dimen185
\@thisruleclass=\count433
\@lastruleclass=\count434
\@thisrulewidth=\dimen186
) (c:/texlive/2023/texmf-dist/tex/latex/vcell/vcell.sty
Package: vcell 2021/04/30 v1.0.2
\rowheight=\dimen187
\rowht=\dimen188
\rowdp=\dimen189
\@cellcount=\count435
\@cellusecount=\count436
\@celltemp=\box61
) (c:/texlive/2023/texmf-dist/tex/latex/tools/array.sty
Package: array 2022/09/04 v2.5g Tabular extension package (FMi)
\col@sep=\dimen190
\ar@mcellbox=\box62
\extrarowheight=\dimen191
\NC@list=\toks28
\extratabsurround=\skip91
\backup@length=\skip92
\ar@cellbox=\box63
) (c:/texlive/2023/texmf-dist/tex/latex/graphics/epsfig.sty
Package: epsfig 2017/06/25 v1.7b (e)psfig emulation (SPQR)
\epsfxsize=\dimen192
\epsfysize=\dimen193
) (c:/texlive/2023/texmf-dist/tex/latex/pdfpages/pdfpages.sty
Package: pdfpages 2022/12/19 v0.5x Insert pages of external PDF documents (AM)
 (c:/texlive/2023/texmf-dist/tex/latex/tools/calc.sty
Package: calc 2017/05/25 v4.3 Infix arithmetic (KKT,FJ)
\calc@Acount=\count437
\calc@Bcount=\count438
\calc@Adimen=\dimen194
\calc@Bdimen=\dimen195
\calc@Askip=\skip93
\calc@Bskip=\skip94
LaTeX Info: Redefining \setlength on input line 80.
LaTeX Info: Redefining \addtolength on input line 81.
\calc@Ccount=\count439
\calc@Cskip=\skip95
) (c:/texlive/2023/texmf-dist/tex/latex/eso-pic/eso-pic.sty
Package: eso-pic 2023/05/03 v3.0c eso-pic (RN)
\ESO@tempdima=\dimen196
\ESO@tempdimb=\dimen197
 (c:/texlive/2023/texmf-dist/tex/latex/xcolor/xcolor.sty
Package: xcolor 2022/06/12 v2.14 LaTeX color extensions (UK)
 (c:/texlive/2023/texmf-dist/tex/latex/graphics-cfg/color.cfg
File: color.cfg 2016/01/02 v1.6 sample color configuration
)
Package xcolor Info: Driver file: pdftex.def on input line 227.
 (c:/texlive/2023/texmf-dist/tex/latex/graphics/mathcolor.ltx)
Package xcolor Info: Model `cmy' substituted by `cmy0' on input line 1353.
Package xcolor Info: Model `hsb' substituted by `rgb' on input line 1357.
Package xcolor Info: Model `RGB' extended on input line 1369.
Package xcolor Info: Model `HTML' substituted by `rgb' on input line 1371.
Package xcolor Info: Model `Hsb' substituted by `hsb' on input line 1372.
Package xcolor Info: Model `tHsb' substituted by `hsb' on input line 1373.
Package xcolor Info: Model `HSB' substituted by `hsb' on input line 1374.
Package xcolor Info: Model `Gray' substituted by `gray' on input line 1375.
Package xcolor Info: Model `wave' substituted by `hsb' on input line 1376.
))
\AM@pagewidth=\dimen198
\AM@pageheight=\dimen199
\AM@fboxrule=\dimen256
 (c:/texlive/2023/texmf-dist/tex/latex/pdfpages/pppdftex.def
File: pppdftex.def 2022/12/19 v0.5x Pdfpages driver for pdfTeX (AM)
)
\pdfpages@includegraphics@status=\count440
\AM@pagebox=\box64
\AM@global@opts=\toks29
\AM@pagecnt=\count441
\AM@toc@title=\toks30
\AM@lof@heading=\toks31
\c@AM@survey=\count442
\AM@templatesizebox=\box65
) (c:/texlive/2023/texmf-dist/tex/latex/amsfonts/amssymb.sty
Package: amssymb 2013/01/14 v3.01 AMS font symbols
 (c:/texlive/2023/texmf-dist/tex/latex/amsfonts/amsfonts.sty
Package: amsfonts 2013/01/14 v3.01 Basic AMSFonts support
\symAMSa=\mathgroup5
\symAMSb=\mathgroup6
LaTeX Font Info:    Redeclaring math symbol \hbar on input line 98.
LaTeX Font Info:    Overwriting math alphabet `\mathfrak' in version `bold'
(Font)                  U/euf/m/n --> U/euf/b/n on input line 106.
)) (c:/texlive/2023/texmf-dist/tex/latex/pmboxdraw/pmboxdraw.sty
Package: pmboxdraw 2019/12/05 v1.4 Poor man's box drawing characters (HO)
Now handling font encoding pmboxdraw ...
... processing UTF-8 mapping file for font encoding pmboxdraw
 (c:/texlive/2023/texmf-dist/tex/latex/pmboxdraw/pmboxdrawenc.dfu
File: pmboxdrawenc.dfu 2019/12/05 v1.4 UTF-8 support for box drawing characters
   defining Unicode char U+2500 (decimal 9472)
   defining Unicode char U+2501 (decimal 9473)
   defining Unicode char U+2502 (decimal 9474)
   defining Unicode char U+2503 (decimal 9475)
   defining Unicode char U+250C (decimal 9484)
   defining Unicode char U+250D (decimal 9485)
   defining Unicode char U+250E (decimal 9486)
   defining Unicode char U+250F (decimal 9487)
   defining Unicode char U+2510 (decimal 9488)
   defining Unicode char U+2511 (decimal 9489)
   defining Unicode char U+2512 (decimal 9490)
   defining Unicode char U+2513 (decimal 9491)
   defining Unicode char U+2514 (decimal 9492)
   defining Unicode char U+2515 (decimal 9493)
   defining Unicode char U+2516 (decimal 9494)
   defining Unicode char U+2517 (decimal 9495)
   defining Unicode char U+2518 (decimal 9496)
   defining Unicode char U+2519 (decimal 9497)
   defining Unicode char U+251A (decimal 9498)
   defining Unicode char U+251B (decimal 9499)
   defining Unicode char U+251C (decimal 9500)
   defining Unicode char U+251D (decimal 9501)
   defining Unicode char U+251E (decimal 9502)
   defining Unicode char U+251F (decimal 9503)
   defining Unicode char U+2520 (decimal 9504)
   defining Unicode char U+2521 (decimal 9505)
   defining Unicode char U+2522 (decimal 9506)
   defining Unicode char U+2523 (decimal 9507)
   defining Unicode char U+2524 (decimal 9508)
   defining Unicode char U+252C (decimal 9516)
   defining Unicode char U+252D (decimal 9517)
   defining Unicode char U+252E (decimal 9518)
   defining Unicode char U+252F (decimal 9519)
   defining Unicode char U+2530 (decimal 9520)
   defining Unicode char U+2531 (decimal 9521)
   defining Unicode char U+2532 (decimal 9522)
   defining Unicode char U+2533 (decimal 9523)
   defining Unicode char U+2534 (decimal 9524)
   defining Unicode char U+2535 (decimal 9525)
   defining Unicode char U+2536 (decimal 9526)
   defining Unicode char U+2537 (decimal 9527)
   defining Unicode char U+2538 (decimal 9528)
   defining Unicode char U+2539 (decimal 9529)
   defining Unicode char U+253A (decimal 9530)
   defining Unicode char U+253B (decimal 9531)
   defining Unicode char U+253C (decimal 9532)
   defining Unicode char U+253D (decimal 9533)
   defining Unicode char U+253E (decimal 9534)
   defining Unicode char U+253F (decimal 9535)
   defining Unicode char U+2540 (decimal 9536)
   defining Unicode char U+2541 (decimal 9537)
   defining Unicode char U+2542 (decimal 9538)
   defining Unicode char U+2543 (decimal 9539)
   defining Unicode char U+2544 (decimal 9540)
   defining Unicode char U+2545 (decimal 9541)
   defining Unicode char U+2546 (decimal 9542)
   defining Unicode char U+2547 (decimal 9543)
   defining Unicode char U+2548 (decimal 9544)
   defining Unicode char U+2549 (decimal 9545)
   defining Unicode char U+254A (decimal 9546)
   defining Unicode char U+254B (decimal 9547)
   defining Unicode char U+2550 (decimal 9552)
   defining Unicode char U+2551 (decimal 9553)
   defining Unicode char U+2552 (decimal 9554)
   defining Unicode char U+2553 (decimal 9555)
   defining Unicode char U+2554 (decimal 9556)
   defining Unicode char U+2555 (decimal 9557)
   defining Unicode char U+2556 (decimal 9558)
   defining Unicode char U+2557 (decimal 9559)
   defining Unicode char U+2558 (decimal 9560)
   defining Unicode char U+2559 (decimal 9561)
   defining Unicode char U+255A (decimal 9562)
   defining Unicode char U+255B (decimal 9563)
   defining Unicode char U+255C (decimal 9564)
   defining Unicode char U+255D (decimal 9565)
   defining Unicode char U+255E (decimal 9566)
   defining Unicode char U+255F (decimal 9567)
   defining Unicode char U+2560 (decimal 9568)
   defining Unicode char U+2561 (decimal 9569)
   defining Unicode char U+2562 (decimal 9570)
   defining Unicode char U+2563 (decimal 9571)
   defining Unicode char U+2564 (decimal 9572)
   defining Unicode char U+2565 (decimal 9573)
   defining Unicode char U+2566 (decimal 9574)
   defining Unicode char U+2567 (decimal 9575)
   defining Unicode char U+2568 (decimal 9576)
   defining Unicode char U+2569 (decimal 9577)
   defining Unicode char U+256A (decimal 9578)
   defining Unicode char U+256B (decimal 9579)
   defining Unicode char U+256C (decimal 9580)
   defining Unicode char U+2574 (decimal 9588)
   defining Unicode char U+2575 (decimal 9589)
   defining Unicode char U+2576 (decimal 9590)
   defining Unicode char U+2577 (decimal 9591)
   defining Unicode char U+2578 (decimal 9592)
   defining Unicode char U+2579 (decimal 9593)
   defining Unicode char U+257A (decimal 9594)
   defining Unicode char U+257B (decimal 9595)
   defining Unicode char U+257C (decimal 9596)
   defining Unicode char U+257D (decimal 9597)
   defining Unicode char U+257E (decimal 9598)
   defining Unicode char U+257F (decimal 9599)
   defining Unicode char U+2580 (decimal 9600)
   defining Unicode char U+2581 (decimal 9601)
   defining Unicode char U+2582 (decimal 9602)
   defining Unicode char U+2583 (decimal 9603)
   defining Unicode char U+2584 (decimal 9604)
   defining Unicode char U+2585 (decimal 9605)
   defining Unicode char U+2586 (decimal 9606)
   defining Unicode char U+2587 (decimal 9607)
   defining Unicode char U+2588 (decimal 9608)
   defining Unicode char U+2589 (decimal 9609)
   defining Unicode char U+258A (decimal 9610)
   defining Unicode char U+258B (decimal 9611)
   defining Unicode char U+258C (decimal 9612)
   defining Unicode char U+258D (decimal 9613)
   defining Unicode char U+258E (decimal 9614)
   defining Unicode char U+258F (decimal 9615)
   defining Unicode char U+2590 (decimal 9616)
   defining Unicode char U+2591 (decimal 9617)
   defining Unicode char U+2592 (decimal 9618)
   defining Unicode char U+2593 (decimal 9619)
   defining Unicode char U+2594 (decimal 9620)
   defining Unicode char U+2595 (decimal 9621)
   defining Unicode char U+2596 (decimal 9622)
   defining Unicode char U+2597 (decimal 9623)
   defining Unicode char U+2598 (decimal 9624)
   defining Unicode char U+2599 (decimal 9625)
   defining Unicode char U+259A (decimal 9626)
   defining Unicode char U+259B (decimal 9627)
   defining Unicode char U+259C (decimal 9628)
   defining Unicode char U+259D (decimal 9629)
   defining Unicode char U+259E (decimal 9630)
   defining Unicode char U+259F (decimal 9631)
)
\pmbd@W=\dimen257
\pmbd@H=\dimen258
\pmbd@L=\dimen259
\pmbd@Thin=\dimen260
\pmbd@Thick=\dimen261
\pmbd@Sep=\dimen262
) (c:/texlive/2023/texmf-dist/tex/latex/base/alltt.sty
Package: alltt 2021/01/29 v2.0g defines alltt environment
) (c:/texlive/2023/texmf-dist/tex/latex/listings/listings.sty
\lst@mode=\count443
\lst@gtempboxa=\box66
\lst@token=\toks32
\lst@length=\count444
\lst@currlwidth=\dimen263
\lst@column=\count445
\lst@pos=\count446
\lst@lostspace=\dimen264
\lst@width=\dimen265
\lst@newlines=\count447
\lst@lineno=\count448
\lst@maxwidth=\dimen266
 (c:/texlive/2023/texmf-dist/tex/latex/listings/lstmisc.sty
File: lstmisc.sty 2023/02/27 1.9 (Carsten Heinz)
\c@lstnumber=\count449
\lst@skipnumbers=\count450
\lst@framebox=\box67
) (c:/texlive/2023/texmf-dist/tex/latex/listings/listings.cfg
File: listings.cfg 2023/02/27 1.9 listings configuration
))
Package: listings 2023/02/27 1.9 (Carsten Heinz)
 (c:/texlive/2023/texmf-dist/tex/latex/listingsutf8/listingsutf8.sty
Package: listingsutf8 2019-12-10 v1.5 Allow UTF-8 in listings input (HO)
 (c:/texlive/2023/texmf-dist/tex/generic/stringenc/stringenc.sty
Package: stringenc 2019/11/29 v1.12 Convert strings between diff. encodings (HO)
)) (c:/texlive/2023/texmf-dist/tex/generic/babel/babel.sty
Package: babel 2023/04/18 3.88 The Babel package
\babel@savecnt=\count451
\U@D=\dimen267
\l@unhyphenated=\language88
 (c:/texlive/2023/texmf-dist/tex/generic/babel/txtbabel.def)
\bbl@readstream=\read3
\bbl@dirlevel=\count452
 (c:/texlive/2023/texmf-dist/tex/generic/babel-spanish/spanish.ldf
Language: spanish.ldf 2021/05/27 v5.0q Spanish support from the babel system
\es@quottoks=\toks33
\es@quotdepth=\count453
Package babel Info: Making " an active character on input line 570.
Package babel Info: Making . an active character on input line 675.
Package babel Info: Making < an active character on input line 722.
Package babel Info: Making > an active character on input line 722.
)) (c:/texlive/2023/texmf-dist/tex/generic/babel/locale/es/babel-spanish.tex
Package babel Info: Importing font and identification data for spanish
(babel)             from babel-es.ini. Reported on input line 11.
) (c:/texlive/2023/texmf-dist/tex/latex/svg/svg.sty
Package: svg 2020/11/26 v2.02k (include SVG pictures)
 (c:/texlive/2023/texmf-dist/tex/latex/koma-script/scrbase.sty
Package: scrbase 2023/04/24 v3.40 KOMA-Script package (KOMA-Script-independent basics and keyval usage)
 (c:/texlive/2023/texmf-dist/tex/latex/koma-script/scrlfile.sty
Package: scrlfile 2023/04/24 v3.40 KOMA-Script package (file load hooks)
 (c:/texlive/2023/texmf-dist/tex/latex/koma-script/scrlfile-hook.sty
Package: scrlfile-hook 2023/04/24 v3.40 KOMA-Script package (using LaTeX hooks)
 (c:/texlive/2023/texmf-dist/tex/latex/koma-script/scrlogo.sty
Package: scrlogo 2023/04/24 v3.40 KOMA-Script package (logo)
)))
Applying: [2021/05/01] Usage of raw or classic option list on input line 252.
Already applied: [0000/00/00] Usage of raw or classic option list on input line 368.
) (c:/texlive/2023/texmf-dist/tex/latex/trimspaces/trimspaces.sty
Package: trimspaces 2009/09/17 v1.1 Trim spaces around a token list
) (c:/texlive/2023/texmf-dist/tex/latex/tools/shellesc.sty
Package: shellesc 2019/11/08 v1.0c unified shell escape interface for LaTeX
Package shellesc Info: Restricted shell escape enabled on input line 77.
)
\c@svg@param@lastpage=\count454
\svg@box=\box68
\c@svg@param@currpage=\count455
) (c:/texlive/2023/texmf-dist/tex/latex/transparent/transparent.sty
Package: transparent 2022-10-27 v1.5 Transparency with color stacks
 (c:/texlive/2023/texmf-dist/tex/latex/transparent/transparent-nometadata.sty
Package: transparent-nometadata 2022-10-27 v1.5 Transparency via pdfTeX's color stack (HO)
)) (c:/texlive/2023/texmf-dist/tex/latex/pgf/systemlayer/pgfsys.sty (c:/texlive/2023/texmf-dist/tex/latex/pgf/utilities/pgfrcs.sty (c:/texlive/2023/texmf-dist/tex/generic/pgf/utilities/pgfutil-common.tex
\pgfutil@everybye=\toks34
\pgfutil@tempdima=\dimen268
\pgfutil@tempdimb=\dimen269
) (c:/texlive/2023/texmf-dist/tex/generic/pgf/utilities/pgfutil-latex.def
\pgfutil@abb=\box69
) (c:/texlive/2023/texmf-dist/tex/generic/pgf/utilities/pgfrcs.code.tex (c:/texlive/2023/texmf-dist/tex/generic/pgf/pgf.revision.tex)
Package: pgfrcs 2023-01-15 v3.1.10 (3.1.10)
)) (c:/texlive/2023/texmf-dist/tex/generic/pgf/systemlayer/pgfsys.code.tex
Package: pgfsys 2023-01-15 v3.1.10 (3.1.10)
 (c:/texlive/2023/texmf-dist/tex/generic/pgf/utilities/pgfkeys.code.tex
\pgfkeys@pathtoks=\toks35
\pgfkeys@temptoks=\toks36
 (c:/texlive/2023/texmf-dist/tex/generic/pgf/utilities/pgfkeyslibraryfiltered.code.tex
\pgfkeys@tmptoks=\toks37
))
\pgf@x=\dimen270
\pgf@y=\dimen271
\pgf@xa=\dimen272
\pgf@ya=\dimen273
\pgf@xb=\dimen274
\pgf@yb=\dimen275
\pgf@xc=\dimen276
\pgf@yc=\dimen277
\pgf@xd=\dimen278
\pgf@yd=\dimen279
\w@pgf@writea=\write4
\r@pgf@reada=\read4
\c@pgf@counta=\count456
\c@pgf@countb=\count457
\c@pgf@countc=\count458
\c@pgf@countd=\count459
\t@pgf@toka=\toks38
\t@pgf@tokb=\toks39
\t@pgf@tokc=\toks40
\pgf@sys@id@count=\count460
 (c:/texlive/2023/texmf-dist/tex/generic/pgf/systemlayer/pgf.cfg
File: pgf.cfg 2023-01-15 v3.1.10 (3.1.10)
)
Driver file for pgf: pgfsys-pdftex.def
 (c:/texlive/2023/texmf-dist/tex/generic/pgf/systemlayer/pgfsys-pdftex.def
File: pgfsys-pdftex.def 2023-01-15 v3.1.10 (3.1.10)
 (c:/texlive/2023/texmf-dist/tex/generic/pgf/systemlayer/pgfsys-common-pdf.def
File: pgfsys-common-pdf.def 2023-01-15 v3.1.10 (3.1.10)
))) (c:/texlive/2023/texmf-dist/tex/generic/pgf/systemlayer/pgfsyssoftpath.code.tex
File: pgfsyssoftpath.code.tex 2023-01-15 v3.1.10 (3.1.10)
\pgfsyssoftpath@smallbuffer@items=\count461
\pgfsyssoftpath@bigbuffer@items=\count462
) (c:/texlive/2023/texmf-dist/tex/generic/pgf/systemlayer/pgfsysprotocol.code.tex
File: pgfsysprotocol.code.tex 2023-01-15 v3.1.10 (3.1.10)
)) (c:/texlive/2023/texmf-dist/tex/latex/colortbl/colortbl.sty
Package: colortbl 2022/06/20 v1.0f Color table columns (DPC)
\everycr=\toks41
\minrowclearance=\skip96
\rownum=\count463
) (c:/texlive/2023/texmf-dist/tex/latex/gensymb/gensymb.sty
Package: gensymb 2022/10/17 v1.0.2 (KJH)
) (c:/texlive/2023/texmf-dist/tex/latex/dirtytalk/dirtytalk.sty
Package: dirtytalk 2010/11/21 A package making "quoting" easier
\c@dirtytalk@qdepth=\count464
) (c:/texlive/2023/texmf-dist/tex/latex/cancel/cancel.sty
Package: cancel 2013/04/12 v2.2 Cancel math terms
) (c:/texlive/2023/texmf-dist/tex/latex/siunitx/siunitx.sty
Package: siunitx 2023-04-13 v3.2.5 A comprehensive (SI) units package
\l__siunitx_angle_tmp_dim=\dimen280
\l__siunitx_angle_marker_box=\box70
\l__siunitx_angle_unit_box=\box71
\l__siunitx_compound_count_int=\count465
 (c:/texlive/2023/texmf-dist/tex/latex/translations/translations.sty
Package: translations 2022/02/05 v1.12 internationalization of LaTeX2e packages (CN)
)
\l__siunitx_number_exponent_fixed_int=\count466
\l__siunitx_number_min_decimal_int=\count467
\l__siunitx_number_min_integer_int=\count468
\l__siunitx_number_round_precision_int=\count469
\l__siunitx_number_lower_threshold_int=\count470
\l__siunitx_number_upper_threshold_int=\count471
\l__siunitx_number_group_first_int=\count472
\l__siunitx_number_group_size_int=\count473
\l__siunitx_number_group_minimum_int=\count474
\l__siunitx_table_tmp_box=\box72
\l__siunitx_table_tmp_dim=\dimen281
\l__siunitx_table_column_width_dim=\dimen282
\l__siunitx_table_integer_box=\box73
\l__siunitx_table_decimal_box=\box74
\l__siunitx_table_uncert_box=\box75
\l__siunitx_table_before_box=\box76
\l__siunitx_table_after_box=\box77
\l__siunitx_table_before_dim=\dimen283
\l__siunitx_table_carry_dim=\dimen284
\l__siunitx_unit_tmp_int=\count475
\l__siunitx_unit_position_int=\count476
\l__siunitx_unit_total_int=\count477
) (c:/texlive/2023/texmf-dist/tex/latex/mathtools/mathtools.sty
Package: mathtools 2022/06/29 v1.29 mathematical typesetting tools
 (c:/texlive/2023/texmf-dist/tex/latex/mathtools/mhsetup.sty
Package: mhsetup 2021/03/18 v1.4 programming setup (MH)
)
\g_MT_multlinerow_int=\count478
\l_MT_multwidth_dim=\dimen285
\origjot=\skip97
\l_MT_shortvdotswithinadjustabove_dim=\dimen286
\l_MT_shortvdotswithinadjustbelow_dim=\dimen287
\l_MT_above_intertext_sep=\dimen288
\l_MT_below_intertext_sep=\dimen289
\l_MT_above_shortintertext_sep=\dimen290
\l_MT_below_shortintertext_sep=\dimen291
\xmathstrut@box=\box78
\xmathstrut@dim=\dimen292
) (c:/texlive/2023/texmf-dist/tex/latex/mathtools/empheq.sty
Package: empheq 2017/03/31 v2.15 Emphasizing equations
\l_EQ_equationtype_int=\count479
\l_EQ_alignmentmode_int=\count480
\l_EQ_totalwidth_dim=\dimen293
\l_EQ_displaywidth_dim=\dimen294
\l_EQ_temp_linewidth_dim=\dimen295
\l_EQ_linewidth_dim=\dimen296
\EmphEqdelimitershortfall=\dimen297
\EmphEqdelimiterfactor=\count481
\g_EQ_toptag_height_dim=\dimen298
\g_EQ_bottomtag_depth_dim=\dimen299
\g_EQ_toprow_height_dim=\dimen300
\g_EQ_bottomrow_depth_dim=\dimen301
\g_EQ_widesttag_dim=\dimen302
\EQ_mathdisplay_box=\box79
\EQ_tag_box=\box80
\g_EQ_temprow_int=\count482
)

Package biblatex Warning: 'babel/polyglossia' detected but 'csquotes' missing.
(biblatex)                Loading 'csquotes' recommended.

\@quotelevel=\count483
\@quotereset=\count484
No file Informe.aux.
\openout1 = `Informe.aux'.

LaTeX Font Info:    Checking defaults for OML/cmm/m/it on input line 112.
LaTeX Font Info:    ... okay on input line 112.
LaTeX Font Info:    Checking defaults for OMS/cmsy/m/n on input line 112.
LaTeX Font Info:    ... okay on input line 112.
LaTeX Font Info:    Checking defaults for OT1/cmr/m/n on input line 112.
LaTeX Font Info:    ... okay on input line 112.
LaTeX Font Info:    Checking defaults for T1/cmr/m/n on input line 112.
LaTeX Font Info:    ... okay on input line 112.
LaTeX Font Info:    Checking defaults for TS1/cmr/m/n on input line 112.
LaTeX Font Info:    ... okay on input line 112.
LaTeX Font Info:    Checking defaults for OMX/cmex/m/n on input line 112.
LaTeX Font Info:    ... okay on input line 112.
LaTeX Font Info:    Checking defaults for U/cmr/m/n on input line 112.
LaTeX Font Info:    ... okay on input line 112.
LaTeX Font Info:    Checking defaults for PD1/pdf/m/n on input line 112.
LaTeX Font Info:    ... okay on input line 112.
LaTeX Font Info:    Checking defaults for PU/pdf/m/n on input line 112.
LaTeX Font Info:    ... okay on input line 112.
LaTeX Font Info:    Checking defaults for pmboxdraw/pmboxdraw/m/n on input line 112.
LaTeX Font Info:    ... okay on input line 112.
(c:/texlive/2023/texmf-dist/tex/context/base/mkii/supp-pdf.mkii
[Loading MPS to PDF converter (version 2006.09.02).]
\scratchcounter=\count485
\scratchdimen=\dimen303
\scratchbox=\box81
\nofMPsegments=\count486
\nofMParguments=\count487
\everyMPshowfont=\toks42
\MPscratchCnt=\count488
\MPscratchDim=\dimen304
\MPnumerator=\count489
\makeMPintoPDFobject=\count490
\everyMPtoPDFconversion=\toks43
) (c:/texlive/2023/texmf-dist/tex/latex/epstopdf-pkg/epstopdf-base.sty
Package: epstopdf-base 2020-01-24 v2.11 Base part for package epstopdf
Package epstopdf-base Info: Redefining graphics rule for `.eps' on input line 485.
 (c:/texlive/2023/texmf-dist/tex/latex/latexconfig/epstopdf-sys.cfg
File: epstopdf-sys.cfg 2010/07/13 v1.3 Configuration of (r)epstopdf for TeX Live
))
Package caption Info: Begin \AtBeginDocument code.
Package caption Info: hyperref package is loaded.
Package caption Info: listings package is loaded.
Package caption Info: longtable package is loaded.
 (c:/texlive/2023/texmf-dist/tex/latex/caption/ltcaption.sty
Package: ltcaption 2021/01/08 v1.4c longtable captions (AR)
)
Package caption Info: End \AtBeginDocument code.
Package biblatex Info: Trying to load language 'spanish'...
Package biblatex Info: ... file 'spanish.lbx' found.
 (c:/texlive/2023/texmf-dist/tex/latex/biblatex/lbx/spanish.lbx
File: spanish.lbx 2023/03/05 v3.19 biblatex localization (PK/MW)
)
Package biblatex Info: Input encoding 'utf8' detected.
Package biblatex Info: Automatic encoding selection.
(biblatex)             Assuming data encoding 'utf8'.
\openout3 = `Informe.bcf'.

Package biblatex Info: Trying to load bibliographic data...
Package biblatex Info: ... file 'Informe.bbl' not found.

No file Informe.bbl.
Package biblatex Info: Reference section=0 on input line 112.
Package biblatex Info: Reference segment=0 on input line 112.
*geometry* driver: auto-detecting
*geometry* detected driver: pdftex
*geometry* verbose mode - [ preamble ] result:
* driver: pdftex
* paper: a4paper
* layout: <same size as paper>
* layoutoffset:(h,v)=(0.0pt,0.0pt)
* modes: 
* h-part:(L,W,R)=(85.35826pt, 426.79135pt, 85.35826pt)
* v-part:(T,H,B)=(99.58464pt, 645.87756pt, 99.58464pt)
* \paperwidth=597.50787pt
* \paperheight=845.04684pt
* \textwidth=426.79135pt
* \textheight=645.87756pt
* \oddsidemargin=13.08827pt
* \evensidemargin=13.08827pt
* \topmargin=-9.68535pt
* \headheight=12.0pt
* \headsep=25.0pt
* \topskip=10.0pt
* \footskip=30.0pt
* \marginparwidth=65.0pt
* \marginparsep=11.0pt
* \columnsep=10.0pt
* \skip\footins=9.0pt plus 4.0pt minus 2.0pt
* \hoffset=0.0pt
* \voffset=0.0pt
* \mag=1000
* \@twocolumnfalse
* \@twosidefalse
* \@mparswitchfalse
* \@reversemarginfalse
* (1in=72.27pt=25.4mm, 1cm=28.453pt)

Package hyperref Info: Link coloring OFF on input line 112.
\@outlinefile=\write5
\openout5 = `Informe.out'.

(c:/texlive/2023/texmf-dist/tex/latex/pdflscape/pdflscape.sty
Package: pdflscape 2022-10-27 v0.13 Display of landscape pages in PDF
 (c:/texlive/2023/texmf-dist/tex/latex/pdflscape/pdflscape-nometadata.sty
Package: pdflscape-nometadata 2022-10-28 v0.13 Display of landscape pages in PDF (HO)
 (c:/texlive/2023/texmf-dist/tex/latex/graphics/lscape.sty
Package: lscape 2020/05/28 v3.02 Landscape Pages (DPC)
)
Package pdflscape Info: Auto-detected driver: pdftex on input line 81.
))
\c@lstlisting=\count491
LaTeX Info: Redefining \sptext on input line 112.
LaTeX Info: Redefining \. on input line 112.
LaTeX Info: Redefining \% on input line 112.
LaTeX Info: Redefining \celsius on input line 112.
Package gensymb Info: Faking symbols for \degree and \celsius on input line 112.


Package gensymb Warning: Not defining \perthousand.

LaTeX Info: Redefining \ohm on input line 112.
Package gensymb Info: Using \Omega for \ohm on input line 112.

Package gensymb Warning: Not defining \micro.

(c:/texlive/2023/texmf-dist/tex/latex/translations/translations-basic-dictionary-spanish.trsl
File: translations-basic-dictionary-spanish.trsl (spanish translation file `translations-basic-dictionary')
)
Package translations Info: loading dictionary `translations-basic-dictionary' for `spanish'. on input line 112.
<Logo_portada.png, id=7, 1055.142pt x 123.46124pt>
File: Logo_portada.png Graphic file (type png)
<use Logo_portada.png>
Package pdftex.def Info: Logo_portada.png  used on input line 117.
(pdftex.def)             Requested size: 469.47046pt x 54.9316pt.

Overfull \hbox (42.67911pt too wide) in paragraph at lines 117--117
 [] 
 []

[1

{c:/texlive/2023/texmf-var/fonts/map/pdftex/updmap/pdftex.map} <./Logo_portada.png>]
No file Informe.toc.
\tf@toc=\write6
\openout6 = `Informe.toc'.

No file Informe.lof.
\tf@lof=\write7
\openout7 = `Informe.lof'.

No file Informe.lot.
\tf@lot=\write8
\openout8 = `Informe.lot'.

<logomuse2.png, id=18, 485.56406pt x 76.78688pt>
File: logomuse2.png Graphic file (type png)
<use logomuse2.png>
Package pdftex.def Info: logomuse2.png  used on input line 157.
(pdftex.def)             Requested size: 143.9366pt x 22.76228pt.

Package fancyhdr Warning: \headheight is too small (16.07225pt): 
(fancyhdr)                Make it at least 26.36232pt, for example:
(fancyhdr)                \setlength{\headheight}{26.36232pt}.
(fancyhdr)                You might also make \topmargin smaller to compensate:
(fancyhdr)                \addtolength{\topmargin}{-10.29007pt}.

[1 <./logomuse2.png>] (./1. Introducción.tex) (./2. Planteamiento.tex

LaTeX Warning: Reference `tab: caracteristicas' on page 1 undefined on input line 3.


LaTeX Warning: Reference `fig: configrigi' on page 1 undefined on input line 3.

LaTeX Font Info:    Trying to load font information for U+rsfs on input line 9.
(c:/texlive/2023/texmf-dist/tex/latex/jknapltx/ursfs.fd
File: ursfs.fd 1998/03/24 rsfs font definition file (jk)
)
LaTeX Font Info:    Trying to load font information for U+msa on input line 9.
 (c:/texlive/2023/texmf-dist/tex/latex/amsfonts/umsa.fd
File: umsa.fd 2013/01/14 v3.01 AMS symbols A
)
LaTeX Font Info:    Trying to load font information for U+msb on input line 9.
 (c:/texlive/2023/texmf-dist/tex/latex/amsfonts/umsb.fd
File: umsb.fd 2013/01/14 v3.01 AMS symbols B
)
<Figures/Config.png, id=28, 221.32687pt x 217.5628pt>
File: Figures/Config.png Graphic file (type png)
<use Figures/Config.png>
Package pdftex.def Info: Figures/Config.png  used on input line 18.
(pdftex.def)             Requested size: 154.92773pt x 152.29292pt.


LaTeX Warning: Reference `tab: caracteristicas' on page 1 undefined on input line 23.

File: logomuse2.png Graphic file (type png)
<use logomuse2.png>
Package pdftex.def Info: logomuse2.png  used on input line 27.
(pdftex.def)             Requested size: 143.9366pt x 22.76228pt.

Package fancyhdr Warning: \headheight is too small (16.07225pt): 
(fancyhdr)                Make it at least 26.36232pt, for example:
(fancyhdr)                \setlength{\headheight}{26.36232pt}.
(fancyhdr)                You might also make \topmargin smaller to compensate:
(fancyhdr)                \addtolength{\topmargin}{-10.29007pt}.

[1 <./Figures/Config.png>]

LaTeX Warning: Reference `tab: requisitos estructurales' on page 2 undefined on input line 31.


LaTeX Warning: Citation 'garcia2023manual' on page 2 undefined on input line 66.


LaTeX Warning: Reference `tab: paramsequs' on page 2 undefined on input line 76.

File: logomuse2.png Graphic file (type png)
<use logomuse2.png>
Package pdftex.def Info: logomuse2.png  used on input line 104.
(pdftex.def)             Requested size: 143.9366pt x 22.76228pt.

Package fancyhdr Warning: \headheight is too small (16.07225pt): 
(fancyhdr)                Make it at least 26.36232pt, for example:
(fancyhdr)                \setlength{\headheight}{26.36232pt}.
(fancyhdr)                You might also make \topmargin smaller to compensate:
(fancyhdr)                \addtolength{\topmargin}{-10.29007pt}.

[2]

LaTeX Warning: Reference `fig: configrigi' on page 3 undefined on input line 108.

) (./3. Solución.tex
File: logomuse2.png Graphic file (type png)
<use logomuse2.png>
Package pdftex.def Info: logomuse2.png  used on input line 1.
(pdftex.def)             Requested size: 143.9366pt x 22.76228pt.


Package fancyhdr Warning: \headheight is too small (16.07225pt): 
(fancyhdr)                Make it at least 26.36232pt, for example:
(fancyhdr)                \setlength{\headheight}{26.36232pt}.
(fancyhdr)                You might also make \topmargin smaller to compensate:
(fancyhdr)                \addtolength{\topmargin}{-10.29007pt}.

[3]

LaTeX Warning: Reference `tab: matprops' on page 4 undefined on input line 4.


LaTeX Warning: Reference `fig:Secciones' on page 4 undefined on input line 18.

<Figures/SeccExt.png, id=59, 636.3775pt x 820.06375pt>
File: Figures/SeccExt.png Graphic file (type png)
<use Figures/SeccExt.png>
Package pdftex.def Info: Figures/SeccExt.png  used on input line 23.
(pdftex.def)             Requested size: 127.27324pt x 164.00984pt.
<Figures/SeccI.png, id=60, 803.0pt x 820.06375pt>
File: Figures/SeccI.png Graphic file (type png)
<use Figures/SeccI.png>
Package pdftex.def Info: Figures/SeccI.png  used on input line 28.
(pdftex.def)             Requested size: 160.59715pt x 164.00984pt.
<Figures/SeccCuadradoHueco.png, id=61, 532.99126pt x 615.0478pt>
File: Figures/SeccCuadradoHueco.png Graphic file (type png)
<use Figures/SeccCuadradoHueco.png>
Package pdftex.def Info: Figures/SeccCuadradoHueco.png  used on input line 33.
(pdftex.def)             Requested size: 133.24748pt x 153.76157pt.
<Figures/Omega.png, id=62, 847.165pt x 697.60625pt>
File: Figures/Omega.png Graphic file (type png)
<use Figures/Omega.png>
Package pdftex.def Info: Figures/Omega.png  used on input line 39.
(pdftex.def)             Requested size: 169.43pt x 139.51877pt.

Overfull \hbox (2.22221pt too wide) in paragraph at lines 21--42
[][] []
 []


Overfull \hbox (2.22221pt too wide) in paragraph at lines 21--42
[]  [] 
 []


LaTeX Warning: Reference `fig: rigidizadoresinternos' on page 4 undefined on input line 46.

File: logomuse2.png Graphic file (type png)
<use logomuse2.png>
Package pdftex.def Info: logomuse2.png  used on input line 47.
(pdftex.def)             Requested size: 143.9366pt x 22.76228pt.

Package fancyhdr Warning: \headheight is too small (16.07225pt): 
(fancyhdr)                Make it at least 26.36232pt, for example:
(fancyhdr)                \setlength{\headheight}{26.36232pt}.
(fancyhdr)                You might also make \topmargin smaller to compensate:
(fancyhdr)                \addtolength{\topmargin}{-10.29007pt}.

[4 <./Figures/SeccExt.png> <./Figures/SeccI.png> <./Figures/SeccCuadradoHueco.png> <./Figures/Omega.png>]
<Figures/1rigpng.png, id=78, 507.39563pt x 508.14844pt>
File: Figures/1rigpng.png Graphic file (type png)
<use Figures/1rigpng.png>
Package pdftex.def Info: Figures/1rigpng.png  used on input line 51.
(pdftex.def)             Requested size: 177.59113pt x 177.85461pt.
<Figures/2rig.png, id=79, 489.32813pt x 489.32813pt>
File: Figures/2rig.png Graphic file (type png)
<use Figures/2rig.png>
Package pdftex.def Info: Figures/2rig.png  used on input line 56.
(pdftex.def)             Requested size: 171.2674pt x 171.2674pt.

Overfull \hbox (2.22221pt too wide) in paragraph at lines 49--59
[][] [] 
 []

<Figures/3rig.png, id=80, 508.14844pt x 508.14844pt>
File: Figures/3rig.png Graphic file (type png)
<use Figures/3rig.png>
Package pdftex.def Info: Figures/3rig.png  used on input line 62.
(pdftex.def)             Requested size: 177.85461pt x 177.85461pt.

LaTeX Warning: Reference `tab:iteraciones' on page 5 undefined on input line 70.

./3. Solución.tex:166: Missing $ inserted.
<inserted text> 
                $
l.166 }
       
I've inserted a begin-math/end-math symbol since I think
you left one out. Proceed, with fingers crossed.

./3. Solución.tex:166: Missing $ inserted.
<inserted text> 
                $
l.166 }
       
I've inserted something that you may have forgotten.
(See the <inserted text> above.)
With luck, this will get me unwedged. But if you
really didn't forget anything, try typing `2' now; then
my insertion and my current dilemma will both disappear.

./3. Solución.tex:166: Missing $ inserted.
<inserted text> 
                $
l.166 }
       
I've inserted a begin-math/end-math symbol since I think
you left one out. Proceed, with fingers crossed.

./3. Solución.tex:166: Missing $ inserted.
<inserted text> 
                $
l.166 }
       
I've inserted something that you may have forgotten.
(See the <inserted text> above.)
With luck, this will get me unwedged. But if you
really didn't forget anything, try typing `2' now; then
my insertion and my current dilemma will both disappear.

./3. Solución.tex:166: Missing $ inserted.
<inserted text> 
                $
l.166 }
       
I've inserted a begin-math/end-math symbol since I think
you left one out. Proceed, with fingers crossed.

./3. Solución.tex:166: Missing $ inserted.
<inserted text> 
                $
l.166 }
       
I've inserted something that you may have forgotten.
(See the <inserted text> above.)
With luck, this will get me unwedged. But if you
really didn't forget anything, try typing `2' now; then
my insertion and my current dilemma will both disappear.

./3. Solución.tex:166: Missing $ inserted.
<inserted text> 
                $
l.166 }
       
I've inserted a begin-math/end-math symbol since I think
you left one out. Proceed, with fingers crossed.

./3. Solución.tex:166: Missing $ inserted.
<inserted text> 
                $
l.166 }
       
I've inserted something that you may have forgotten.
(See the <inserted text> above.)
With luck, this will get me unwedged. But if you
really didn't forget anything, try typing `2' now; then
my insertion and my current dilemma will both disappear.

./3. Solución.tex:166: Missing $ inserted.
<inserted text> 
                $
l.166 }
       
I've inserted a begin-math/end-math symbol since I think
you left one out. Proceed, with fingers crossed.

./3. Solución.tex:166: Missing $ inserted.
<inserted text> 
                $
l.166 }
       
I've inserted something that you may have forgotten.
(See the <inserted text> above.)
With luck, this will get me unwedged. But if you
really didn't forget anything, try typing `2' now; then
my insertion and my current dilemma will both disappear.

./3. Solución.tex:166: Missing $ inserted.
<inserted text> 
                $
l.166 }
       
I've inserted a begin-math/end-math symbol since I think
you left one out. Proceed, with fingers crossed.

./3. Solución.tex:166: Missing $ inserted.
<inserted text> 
                $
l.166 }
       
I've inserted something that you may have forgotten.
(See the <inserted text> above.)
With luck, this will get me unwedged. But if you
really didn't forget anything, try typing `2' now; then
my insertion and my current dilemma will both disappear.

./3. Solución.tex:166: Missing $ inserted.
<inserted text> 
                $
l.166 }
       
I've inserted a begin-math/end-math symbol since I think
you left one out. Proceed, with fingers crossed.

./3. Solución.tex:166: Missing $ inserted.
<inserted text> 
                $
l.166 }
       
I've inserted something that you may have forgotten.
(See the <inserted text> above.)
With luck, this will get me unwedged. But if you
really didn't forget anything, try typing `2' now; then
my insertion and my current dilemma will both disappear.

./3. Solución.tex:166: Missing $ inserted.
<inserted text> 
                $
l.166 }
       
I've inserted a begin-math/end-math symbol since I think
you left one out. Proceed, with fingers crossed.

./3. Solución.tex:166: Missing $ inserted.
<inserted text> 
                $
l.166 }
       
I've inserted something that you may have forgotten.
(See the <inserted text> above.)
With luck, this will get me unwedged. But if you
really didn't forget anything, try typing `2' now; then
my insertion and my current dilemma will both disappear.

./3. Solución.tex:166: Missing $ inserted.
<inserted text> 
                $
l.166 }
       
I've inserted a begin-math/end-math symbol since I think
you left one out. Proceed, with fingers crossed.

./3. Solución.tex:166: Missing $ inserted.
<inserted text> 
                $
l.166 }
       
I've inserted something that you may have forgotten.
(See the <inserted text> above.)
With luck, this will get me unwedged. But if you
really didn't forget anything, try typing `2' now; then
my insertion and my current dilemma will both disappear.

./3. Solución.tex:166: Missing $ inserted.
<inserted text> 
                $
l.166 }
       
I've inserted a begin-math/end-math symbol since I think
you left one out. Proceed, with fingers crossed.

./3. Solución.tex:166: Missing $ inserted.
<inserted text> 
                $
l.166 }
       
I've inserted something that you may have forgotten.
(See the <inserted text> above.)
With luck, this will get me unwedged. But if you
really didn't forget anything, try typing `2' now; then
my insertion and my current dilemma will both disappear.

./3. Solución.tex:166: Missing $ inserted.
<inserted text> 
                $
l.166 }
       
I've inserted a begin-math/end-math symbol since I think
you left one out. Proceed, with fingers crossed.

./3. Solución.tex:166: Missing $ inserted.
<inserted text> 
                $
l.166 }
       
I've inserted something that you may have forgotten.
(See the <inserted text> above.)
With luck, this will get me unwedged. But if you
really didn't forget anything, try typing `2' now; then
my insertion and my current dilemma will both disappear.

./3. Solución.tex:166: Missing $ inserted.
<inserted text> 
                $
l.166 }
       
I've inserted a begin-math/end-math symbol since I think
you left one out. Proceed, with fingers crossed.

./3. Solución.tex:166: Missing $ inserted.
<inserted text> 
                $
l.166 }
       
I've inserted something that you may have forgotten.
(See the <inserted text> above.)
With luck, this will get me unwedged. But if you
really didn't forget anything, try typing `2' now; then
my insertion and my current dilemma will both disappear.

./3. Solución.tex:166: Missing $ inserted.
<inserted text> 
                $
l.166 }
       
I've inserted a begin-math/end-math symbol since I think
you left one out. Proceed, with fingers crossed.

./3. Solución.tex:166: Missing $ inserted.
<inserted text> 
                $
l.166 }
       
I've inserted something that you may have forgotten.
(See the <inserted text> above.)
With luck, this will get me unwedged. But if you
really didn't forget anything, try typing `2' now; then
my insertion and my current dilemma will both disappear.

./3. Solución.tex:166: Missing $ inserted.
<inserted text> 
                $
l.166 }
       
I've inserted a begin-math/end-math symbol since I think
you left one out. Proceed, with fingers crossed.

./3. Solución.tex:166: Missing $ inserted.
<inserted text> 
                $
l.166 }
       
I've inserted something that you may have forgotten.
(See the <inserted text> above.)
With luck, this will get me unwedged. But if you
really didn't forget anything, try typing `2' now; then
my insertion and my current dilemma will both disappear.

./3. Solución.tex:166: Missing $ inserted.
<inserted text> 
                $
l.166 }
       
I've inserted a begin-math/end-math symbol since I think
you left one out. Proceed, with fingers crossed.

./3. Solución.tex:166: Missing $ inserted.
<inserted text> 
                $
l.166 }
       
I've inserted something that you may have forgotten.
(See the <inserted text> above.)
With luck, this will get me unwedged. But if you
really didn't forget anything, try typing `2' now; then
my insertion and my current dilemma will both disappear.

./3. Solución.tex:166: Missing $ inserted.
<inserted text> 
                $
l.166 }
       
I've inserted a begin-math/end-math symbol since I think
you left one out. Proceed, with fingers crossed.

./3. Solución.tex:166: Missing $ inserted.
<inserted text> 
                $
l.166 }
       
I've inserted something that you may have forgotten.
(See the <inserted text> above.)
With luck, this will get me unwedged. But if you
really didn't forget anything, try typing `2' now; then
my insertion and my current dilemma will both disappear.

./3. Solución.tex:166: Missing $ inserted.
<inserted text> 
                $
l.166 }
       
I've inserted a begin-math/end-math symbol since I think
you left one out. Proceed, with fingers crossed.

./3. Solución.tex:166: Missing $ inserted.
<inserted text> 
                $
l.166 }
       
I've inserted something that you may have forgotten.
(See the <inserted text> above.)
With luck, this will get me unwedged. But if you
really didn't forget anything, try typing `2' now; then
my insertion and my current dilemma will both disappear.

./3. Solución.tex:166: Missing $ inserted.
<inserted text> 
                $
l.166 }
       
I've inserted a begin-math/end-math symbol since I think
you left one out. Proceed, with fingers crossed.

./3. Solución.tex:166: Missing $ inserted.
<inserted text> 
                $
l.166 }
       
I've inserted something that you may have forgotten.
(See the <inserted text> above.)
With luck, this will get me unwedged. But if you
really didn't forget anything, try typing `2' now; then
my insertion and my current dilemma will both disappear.

./3. Solución.tex:166: Missing $ inserted.
<inserted text> 
                $
l.166 }
       
I've inserted a begin-math/end-math symbol since I think
you left one out. Proceed, with fingers crossed.

./3. Solución.tex:166: Missing $ inserted.
<inserted text> 
                $
l.166 }
       
I've inserted something that you may have forgotten.
(See the <inserted text> above.)
With luck, this will get me unwedged. But if you
really didn't forget anything, try typing `2' now; then
my insertion and my current dilemma will both disappear.

./3. Solución.tex:166: Missing $ inserted.
<inserted text> 
                $
l.166 }
       
I've inserted a begin-math/end-math symbol since I think
you left one out. Proceed, with fingers crossed.

./3. Solución.tex:166: Missing $ inserted.
<inserted text> 
                $
l.166 }
       
I've inserted something that you may have forgotten.
(See the <inserted text> above.)
With luck, this will get me unwedged. But if you
really didn't forget anything, try typing `2' now; then
my insertion and my current dilemma will both disappear.

./3. Solución.tex:166: Missing $ inserted.
<inserted text> 
                $
l.166 }
       
I've inserted a begin-math/end-math symbol since I think
you left one out. Proceed, with fingers crossed.

./3. Solución.tex:166: Missing $ inserted.
<inserted text> 
                $
l.166 }
       
I've inserted something that you may have forgotten.
(See the <inserted text> above.)
With luck, this will get me unwedged. But if you
really didn't forget anything, try typing `2' now; then
my insertion and my current dilemma will both disappear.

./3. Solución.tex:166: Missing $ inserted.
<inserted text> 
                $
l.166 }
       
I've inserted a begin-math/end-math symbol since I think
you left one out. Proceed, with fingers crossed.

./3. Solución.tex:166: Missing $ inserted.
<inserted text> 
                $
l.166 }
       
I've inserted something that you may have forgotten.
(See the <inserted text> above.)
With luck, this will get me unwedged. But if you
really didn't forget anything, try typing `2' now; then
my insertion and my current dilemma will both disappear.

./3. Solución.tex:166: Missing $ inserted.
<inserted text> 
                $
l.166 }
       
I've inserted a begin-math/end-math symbol since I think
you left one out. Proceed, with fingers crossed.

./3. Solución.tex:166: Missing $ inserted.
<inserted text> 
                $
l.166 }
       
I've inserted something that you may have forgotten.
(See the <inserted text> above.)
With luck, this will get me unwedged. But if you
really didn't forget anything, try typing `2' now; then
my insertion and my current dilemma will both disappear.

./3. Solución.tex:166: Missing $ inserted.
<inserted text> 
                $
l.166 }
       
I've inserted a begin-math/end-math symbol since I think
you left one out. Proceed, with fingers crossed.

./3. Solución.tex:166: Missing $ inserted.
<inserted text> 
                $
l.166 }
       
I've inserted something that you may have forgotten.
(See the <inserted text> above.)
With luck, this will get me unwedged. But if you
really didn't forget anything, try typing `2' now; then
my insertion and my current dilemma will both disappear.

./3. Solución.tex:166: Missing $ inserted.
<inserted text> 
                $
l.166 }
       
I've inserted a begin-math/end-math symbol since I think
you left one out. Proceed, with fingers crossed.

./3. Solución.tex:166: Missing $ inserted.
<inserted text> 
                $
l.166 }
       
I've inserted something that you may have forgotten.
(See the <inserted text> above.)
With luck, this will get me unwedged. But if you
really didn't forget anything, try typing `2' now; then
my insertion and my current dilemma will both disappear.

./3. Solución.tex:166: Missing $ inserted.
<inserted text> 
                $
l.166 }
       
I've inserted a begin-math/end-math symbol since I think
you left one out. Proceed, with fingers crossed.

./3. Solución.tex:166: Missing $ inserted.
<inserted text> 
                $
l.166 }
       
I've inserted something that you may have forgotten.
(See the <inserted text> above.)
With luck, this will get me unwedged. But if you
really didn't forget anything, try typing `2' now; then
my insertion and my current dilemma will both disappear.

./3. Solución.tex:166: Missing $ inserted.
<inserted text> 
                $
l.166 }
       
I've inserted a begin-math/end-math symbol since I think
you left one out. Proceed, with fingers crossed.

./3. Solución.tex:166: Missing $ inserted.
<inserted text> 
                $
l.166 }
       
I've inserted something that you may have forgotten.
(See the <inserted text> above.)
With luck, this will get me unwedged. But if you
really didn't forget anything, try typing `2' now; then
my insertion and my current dilemma will both disappear.

./3. Solución.tex:166: Missing $ inserted.
<inserted text> 
                $
l.166 }
       
I've inserted a begin-math/end-math symbol since I think
you left one out. Proceed, with fingers crossed.

./3. Solución.tex:166: Missing $ inserted.
<inserted text> 
                $
l.166 }
       
I've inserted something that you may have forgotten.
(See the <inserted text> above.)
With luck, this will get me unwedged. But if you
really didn't forget anything, try typing `2' now; then
my insertion and my current dilemma will both disappear.

./3. Solución.tex:166: Missing $ inserted.
<inserted text> 
                $
l.166 }
       
I've inserted a begin-math/end-math symbol since I think
you left one out. Proceed, with fingers crossed.

./3. Solución.tex:166: Missing $ inserted.
<inserted text> 
                $
l.166 }
       
I've inserted something that you may have forgotten.
(See the <inserted text> above.)
With luck, this will get me unwedged. But if you
really didn't forget anything, try typing `2' now; then
my insertion and my current dilemma will both disappear.

./3. Solución.tex:166: Missing $ inserted.
<inserted text> 
                $
l.166 }
       
I've inserted a begin-math/end-math symbol since I think
you left one out. Proceed, with fingers crossed.

./3. Solución.tex:166: Missing $ inserted.
<inserted text> 
                $
l.166 }
       
I've inserted something that you may have forgotten.
(See the <inserted text> above.)
With luck, this will get me unwedged. But if you
really didn't forget anything, try typing `2' now; then
my insertion and my current dilemma will both disappear.

./3. Solución.tex:166: Missing $ inserted.
<inserted text> 
                $
l.166 }
       
I've inserted a begin-math/end-math symbol since I think
you left one out. Proceed, with fingers crossed.

./3. Solución.tex:166: Missing $ inserted.
<inserted text> 
                $
l.166 }
       
I've inserted something that you may have forgotten.
(See the <inserted text> above.)
With luck, this will get me unwedged. But if you
really didn't forget anything, try typing `2' now; then
my insertion and my current dilemma will both disappear.

./3. Solución.tex:166: Missing $ inserted.
<inserted text> 
                $
l.166 }
       
I've inserted a begin-math/end-math symbol since I think
you left one out. Proceed, with fingers crossed.

./3. Solución.tex:166: Missing $ inserted.
<inserted text> 
                $
l.166 }
       
I've inserted something that you may have forgotten.
(See the <inserted text> above.)
With luck, this will get me unwedged. But if you
really didn't forget anything, try typing `2' now; then
my insertion and my current dilemma will both disappear.

File: logomuse2.png Graphic file (type png)
<use logomuse2.png>
Package pdftex.def Info: logomuse2.png  used on input line 168.
(pdftex.def)             Requested size: 143.9366pt x 22.76228pt.

Package fancyhdr Warning: \headheight is too small (16.07225pt): 
(fancyhdr)                Make it at least 26.36232pt, for example:
(fancyhdr)                \setlength{\headheight}{26.36232pt}.
(fancyhdr)                You might also make \topmargin smaller to compensate:
(fancyhdr)                \addtolength{\topmargin}{-10.29007pt}.

[5 <./Figures/1rigpng.png> <./Figures/2rig.png> <./Figures/3rig.png>]

LaTeX Warning: Reference `tab:paramsfinales' on page 6 undefined on input line 169.


Overfull \hbox (43.45975pt too wide) in paragraph at lines 175--180
 [][] 
 []


LaTeX Warning: Reference `tab:propsol' on page 6 undefined on input line 182.


LaTeX Warning: Reference `fig: finalfinal' on page 6 undefined on input line 194.


LaTeX Warning: Reference `fig:modopropio' on page 6 undefined on input line 194.


LaTeX Warning: Reference `fig:longitudiz' on page 6 undefined on input line 194.


LaTeX Warning: Reference `fig:laterallllllllll' on page 6 undefined on input line 194.

<Figures/FrecProp.png, id=90, 343.88475pt x 346.29375pt>
File: Figures/FrecProp.png Graphic file (type png)
<use Figures/FrecProp.png>
Package pdftex.def Info: Figures/FrecProp.png  used on input line 199.
(pdftex.def)             Requested size: 213.39568pt x 214.8954pt.
<Figures/StaticZ.png, id=91, 344.487pt x 344.487pt>
File: Figures/StaticZ.png Graphic file (type png)
<use Figures/StaticZ.png>
Package pdftex.def Info: Figures/StaticZ.png  used on input line 205.
(pdftex.def)             Requested size: 213.39568pt x 213.39575pt.

Overfull \hbox (2.22221pt too wide) in paragraph at lines 197--209
[][] [] 
 []

<Figures/StaticXY.png, id=92, 344.487pt x 344.487pt>
File: Figures/StaticXY.png Graphic file (type png)
<use Figures/StaticXY.png>
Package pdftex.def Info: Figures/StaticXY.png  used on input line 212.
(pdftex.def)             Requested size: 213.39568pt x 213.39575pt.
) (./4. Conclusiones.tex
File: logomuse2.png Graphic file (type png)
<use logomuse2.png>
Package pdftex.def Info: logomuse2.png  used on input line 1.
(pdftex.def)             Requested size: 143.9366pt x 22.76228pt.


Package fancyhdr Warning: \headheight is too small (16.07225pt): 
(fancyhdr)                Make it at least 26.36232pt, for example:
(fancyhdr)                \setlength{\headheight}{26.36232pt}.
(fancyhdr)                You might also make \topmargin smaller to compensate:
(fancyhdr)                \addtolength{\topmargin}{-10.29007pt}.

[6{c:/texlive/2023/texmf-dist/fonts/enc/dvips/cm-super/cm-super-ts1.enc}]
File: logomuse2.png Graphic file (type png)
<use logomuse2.png>
Package pdftex.def Info: logomuse2.png  used on input line 1.
(pdftex.def)             Requested size: 143.9366pt x 22.76228pt.


Package fancyhdr Warning: \headheight is too small (16.07225pt): 
(fancyhdr)                Make it at least 26.36232pt, for example:
(fancyhdr)                \setlength{\headheight}{26.36232pt}.
(fancyhdr)                You might also make \topmargin smaller to compensate:
(fancyhdr)                \addtolength{\topmargin}{-10.29007pt}.

[7 <./Figures/FrecProp.png> <./Figures/StaticZ.png> <./Figures/StaticXY.png>]

LaTeX Warning: Reference `tab:iteraciones' on page 8 undefined on input line 4.

)
File: logomuse2.png Graphic file (type png)
<use logomuse2.png>
Package pdftex.def Info: logomuse2.png  used on input line 167.
(pdftex.def)             Requested size: 143.9366pt x 22.76228pt.


Package fancyhdr Warning: \headheight is too small (16.07225pt): 
(fancyhdr)                Make it at least 26.36232pt, for example:
(fancyhdr)                \setlength{\headheight}{26.36232pt}.
(fancyhdr)                You might also make \topmargin smaller to compensate:
(fancyhdr)                \addtolength{\topmargin}{-10.29007pt}.

[8]

LaTeX Warning: Empty bibliography on input line 170.

(./Informe.aux
LaTeX Info: Redefining \sptext on input line 24.
LaTeX Info: Redefining \. on input line 24.
LaTeX Info: Redefining \% on input line 24.
)

LaTeX Warning: There were undefined references.


LaTeX Warning: Label(s) may have changed. Rerun to get cross-references right.


Package rerunfilecheck Warning: File `Informe.out' has changed.
(rerunfilecheck)                Rerun to get outlines right
(rerunfilecheck)                or use package `bookmark'.

Package rerunfilecheck Info: Checksums for `Informe.out':
(rerunfilecheck)             Before: <no file>
(rerunfilecheck)             After:  818827F187DCD041D99651442C3D9E76;452.

Package biblatex Warning: Please (re)run Biber on the file:
(biblatex)                Informe
(biblatex)                and rerun LaTeX afterwards.

Package logreq Info: Writing requests to 'Informe.run.xml'.
\openout1 = `Informe.run.xml'.

 ) 
Here is how much of TeX's memory you used:
 31176 strings out of 476047
 601196 string characters out of 5794245
 1948242 words of memory out of 5000000
 51106 multiletter control sequences out of 15000+600000
 523475 words of font info for 75 fonts, out of 8000000 for 9000
 1141 hyphenation exceptions out of 8191
 94i,18n,92p,867b,1819s stack positions out of 10000i,1000n,20000p,200000b,200000s
<c:/texlive/2023/texmf-dist/fonts/type1/public/amsfonts/cmextra/cmbsy7.pfb><c:/texlive/2023/texmf-dist/fonts/type1/public/amsfonts/cm/cmbx10.pfb><c:/texlive/2023/texmf-dist/fonts/type1/public/amsfonts/cm/cmbx12.pfb><c:/texlive/2023/texmf-dist/fonts/type1/public/amsfonts/cm/cmbx7.pfb><c:/texlive/2023/texmf-dist/fonts/type1/public/amsfonts/cm/cmcsc10.pfb><c:/texlive/2023/texmf-dist/fonts/type1/public/amsfonts/cm/cmex10.pfb><c:/texlive/2023/texmf-dist/fonts/type1/public/amsfonts/cm/cmmi10.pfb><c:/texlive/2023/texmf-dist/fonts/type1/public/amsfonts/cm/cmmi7.pfb><c:/texlive/2023/texmf-dist/fonts/type1/public/amsfonts/cm/cmmib10.pfb><c:/texlive/2023/texmf-dist/fonts/type1/public/amsfonts/cmextra/cmmib7.pfb><c:/texlive/2023/texmf-dist/fonts/type1/public/amsfonts/cm/cmr10.pfb><c:/texlive/2023/texmf-dist/fonts/type1/public/amsfonts/cm/cmr12.pfb><c:/texlive/2023/texmf-dist/fonts/type1/public/amsfonts/cm/cmr7.pfb><c:/texlive/2023/texmf-dist/fonts/type1/public/amsfonts/cm/cmr9.pfb><c:/texlive/2023/texmf-dist/fonts/type1/public/amsfonts/cm/cmsy10.pfb><c:/texlive/2023/texmf-dist/fonts/type1/public/amsfonts/cm/cmsy7.pfb><c:/texlive/2023/texmf-dist/fonts/type1/public/amsfonts/cm/cmti10.pfb><c:/texlive/2023/texmf-dist/fonts/type1/public/amsfonts/symbols/msam10.pfb><c:/texlive/2023/texmf-dist/fonts/type1/public/cm-super/sfbx1000.pfb>
Output written on Informe.pdf (10 pages, 713827 bytes).
PDF statistics:
 205 PDF objects out of 1000 (max. 8388607)
 127 compressed objects within 2 object streams
 32 named destinations out of 1000 (max. 500000)
 78 words of extra memory for PDF output out of 10000 (max. 10000000)

